{"/home/travis/build/npmtest/node-npmtest-stylus-loader/test.js":{"path":"/home/travis/build/npmtest/node-npmtest-stylus-loader/test.js","s":{"1":2,"2":2,"3":2,"4":2,"5":2,"6":2,"7":2,"8":1,"9":2,"10":2,"11":1,"12":1,"13":1,"14":1,"15":2,"16":2,"17":2,"18":2,"19":1,"20":1,"21":2,"22":2,"23":2,"24":1,"25":1,"26":1,"27":1,"28":1,"29":1,"30":1,"31":1,"32":1,"33":1,"34":1,"35":1,"36":1,"37":1,"38":1,"39":2,"40":2,"41":1,"42":2,"43":2,"44":1,"45":2,"46":2,"47":1,"48":2,"49":2,"50":1,"51":1,"52":1,"53":1,"54":1},"b":{"1":[2,1,1,1],"2":[1,1,1,1],"3":[1,1],"4":[1,1],"5":[1,1],"6":[1,1],"7":[1,1],"8":[1,1],"9":[1,1],"10":[1,1,1],"11":[1,1],"12":[1,1],"13":[1,1],"14":[1,1],"15":[1,1],"16":[1,1],"17":[1,1]},"f":{"1":2,"2":2,"3":2,"4":2,"5":2,"6":1,"7":1,"8":1,"9":2,"10":2,"11":2,"12":2,"13":1},"fnMap":{"1":{"name":"(anonymous_1)","line":12,"loc":{"start":{"line":12,"column":1},"end":{"line":12,"column":13}}},"2":{"name":"(anonymous_2)","line":19,"loc":{"start":{"line":19,"column":5},"end":{"line":19,"column":17}}},"3":{"name":"(anonymous_3)","line":23,"loc":{"start":{"line":23,"column":24},"end":{"line":23,"column":36}}},"4":{"name":"(anonymous_4)","line":61,"loc":{"start":{"line":61,"column":5},"end":{"line":61,"column":17}}},"5":{"name":"(anonymous_5)","line":82,"loc":{"start":{"line":82,"column":5},"end":{"line":82,"column":17}}},"6":{"name":"(anonymous_6)","line":91,"loc":{"start":{"line":91,"column":77},"end":{"line":94,"column":10}}},"7":{"name":"(anonymous_7)","line":112,"loc":{"start":{"line":112,"column":83},"end":{"line":115,"column":10}},"skip":true},"8":{"name":"(anonymous_8)","line":123,"loc":{"start":{"line":123,"column":77},"end":{"line":126,"column":10}},"skip":true},"9":{"name":"(anonymous_9)","line":139,"loc":{"start":{"line":139,"column":12},"end":{"line":139,"column":40}},"skip":true},"10":{"name":"(anonymous_10)","line":147,"loc":{"start":{"line":147,"column":77},"end":{"line":150,"column":10}},"skip":true},"11":{"name":"(anonymous_11)","line":158,"loc":{"start":{"line":158,"column":83},"end":{"line":161,"column":10}},"skip":true},"12":{"name":"(anonymous_12)","line":169,"loc":{"start":{"line":169,"column":79},"end":{"line":172,"column":10}},"skip":true},"13":{"name":"(anonymous_13)","line":180,"loc":{"start":{"line":180,"column":75},"end":{"line":183,"column":10}},"skip":true}},"statementMap":{"1":{"start":{"line":12,"column":0},"end":{"line":195,"column":5}},"2":{"start":{"line":14,"column":4},"end":{"line":14,"column":14}},"3":{"start":{"line":19,"column":4},"end":{"line":56,"column":9}},"4":{"start":{"line":21,"column":8},"end":{"line":21,"column":19}},"5":{"start":{"line":23,"column":8},"end":{"line":35,"column":13}},"6":{"start":{"line":24,"column":12},"end":{"line":34,"column":13}},"7":{"start":{"line":25,"column":16},"end":{"line":28,"column":30}},"8":{"start":{"line":30,"column":16},"end":{"line":33,"column":27}},"9":{"start":{"line":37,"column":8},"end":{"line":39,"column":21}},"10":{"start":{"line":40,"column":8},"end":{"line":53,"column":9}},"11":{"start":{"line":43,"column":12},"end":{"line":46,"column":14}},"12":{"start":{"line":47,"column":12},"end":{"line":47,"column":18}},"13":{"start":{"line":50,"column":12},"end":{"line":51,"column":33}},"14":{"start":{"line":52,"column":12},"end":{"line":52,"column":18}},"15":{"start":{"line":55,"column":8},"end":{"line":55,"column":35}},"16":{"start":{"line":61,"column":4},"end":{"line":63,"column":9}},"17":{"start":{"line":62,"column":8},"end":{"line":62,"column":15}},"18":{"start":{"line":64,"column":4},"end":{"line":77,"column":5}},"19":{"start":{"line":70,"column":8},"end":{"line":70,"column":14}},"20":{"start":{"line":76,"column":8},"end":{"line":76,"column":14}},"21":{"start":{"line":82,"column":4},"end":{"line":84,"column":9}},"22":{"start":{"line":83,"column":8},"end":{"line":83,"column":15}},"23":{"start":{"line":85,"column":4},"end":{"line":194,"column":5}},"24":{"start":{"line":91,"column":8},"end":{"line":99,"column":10}},"25":{"start":{"line":98,"column":12},"end":{"line":98,"column":35}},"26":{"start":{"line":102,"column":8},"end":{"line":104,"column":63}},"27":{"start":{"line":105,"column":8},"end":{"line":105,"column":14}},"28":{"start":{"line":112,"column":8},"end":{"line":121,"column":10},"skip":true},"29":{"start":{"line":119,"column":12},"end":{"line":119,"column":55},"skip":true},"30":{"start":{"line":120,"column":12},"end":{"line":120,"column":48},"skip":true},"31":{"start":{"line":123,"column":8},"end":{"line":136,"column":10},"skip":true},"32":{"start":{"line":130,"column":12},"end":{"line":130,"column":76},"skip":true},"33":{"start":{"line":131,"column":12},"end":{"line":131,"column":73},"skip":true},"34":{"start":{"line":132,"column":12},"end":{"line":132,"column":74},"skip":true},"35":{"start":{"line":133,"column":12},"end":{"line":133,"column":79},"skip":true},"36":{"start":{"line":134,"column":12},"end":{"line":134,"column":25},"skip":true},"37":{"start":{"line":135,"column":12},"end":{"line":135,"column":45},"skip":true},"38":{"start":{"line":138,"column":8},"end":{"line":145,"column":14},"skip":true},"39":{"start":{"line":143,"column":16},"end":{"line":143,"column":29},"skip":true},"40":{"start":{"line":144,"column":16},"end":{"line":144,"column":55},"skip":true},"41":{"start":{"line":147,"column":8},"end":{"line":156,"column":10},"skip":true},"42":{"start":{"line":154,"column":12},"end":{"line":154,"column":25},"skip":true},"43":{"start":{"line":155,"column":12},"end":{"line":155,"column":45},"skip":true},"44":{"start":{"line":158,"column":8},"end":{"line":167,"column":10},"skip":true},"45":{"start":{"line":165,"column":12},"end":{"line":165,"column":25},"skip":true},"46":{"start":{"line":166,"column":12},"end":{"line":166,"column":48},"skip":true},"47":{"start":{"line":169,"column":8},"end":{"line":178,"column":10},"skip":true},"48":{"start":{"line":176,"column":12},"end":{"line":176,"column":25},"skip":true},"49":{"start":{"line":177,"column":12},"end":{"line":177,"column":46},"skip":true},"50":{"start":{"line":180,"column":8},"end":{"line":189,"column":10},"skip":true},"51":{"start":{"line":187,"column":12},"end":{"line":187,"column":94},"skip":true},"52":{"start":{"line":188,"column":12},"end":{"line":188,"column":48},"skip":true},"53":{"start":{"line":192,"column":8},"end":{"line":192,"column":35},"skip":true},"54":{"start":{"line":193,"column":8},"end":{"line":193,"column":14},"skip":true}},"branchMap":{"1":{"line":25,"type":"binary-expr","locations":[{"start":{"line":25,"column":23},"end":{"line":25,"column":62}},{"start":{"line":26,"column":20},"end":{"line":26,"column":70}},{"start":{"line":27,"column":20},"end":{"line":27,"column":71}},{"start":{"line":28,"column":20},"end":{"line":28,"column":29}}]},"2":{"line":30,"type":"binary-expr","locations":[{"start":{"line":30,"column":23},"end":{"line":30,"column":37}},{"start":{"line":31,"column":20},"end":{"line":31,"column":61}},{"start":{"line":32,"column":20},"end":{"line":32,"column":70}},{"start":{"line":33,"column":20},"end":{"line":33,"column":26}}]},"3":{"line":37,"type":"cond-expr","locations":[{"start":{"line":38,"column":14},"end":{"line":38,"column":20}},{"start":{"line":39,"column":14},"end":{"line":39,"column":20}}]},"4":{"line":40,"type":"switch","locations":[{"start":{"line":42,"column":8},"end":{"line":47,"column":18}},{"start":{"line":49,"column":8},"end":{"line":52,"column":18}}]},"5":{"line":44,"type":"binary-expr","locations":[{"start":{"line":44,"column":16},"end":{"line":44,"column":44}},{"start":{"line":44,"column":48},"end":{"line":44,"column":66}}]},"6":{"line":50,"type":"binary-expr","locations":[{"start":{"line":50,"column":21},"end":{"line":50,"column":49}},{"start":{"line":50,"column":53},"end":{"line":50,"column":72}}]},"7":{"line":64,"type":"switch","locations":[{"start":{"line":69,"column":4},"end":{"line":70,"column":14}},{"start":{"line":75,"column":4},"end":{"line":76,"column":14}}]},"8":{"line":85,"type":"switch","locations":[{"start":{"line":90,"column":4},"end":{"line":105,"column":14}},{"start":{"line":111,"column":4},"end":{"line":193,"column":14},"skip":true}]},"9":{"line":91,"type":"binary-expr","locations":[{"start":{"line":91,"column":42},"end":{"line":91,"column":73}},{"start":{"line":91,"column":77},"end":{"line":99,"column":9}}]},"10":{"line":102,"type":"binary-expr","locations":[{"start":{"line":102,"column":18},"end":{"line":102,"column":32}},{"start":{"line":103,"column":12},"end":{"line":103,"column":53}},{"start":{"line":104,"column":12},"end":{"line":104,"column":61}}]},"11":{"line":112,"type":"binary-expr","locations":[{"start":{"line":112,"column":45},"end":{"line":112,"column":79},"skip":true},{"start":{"line":112,"column":83},"end":{"line":121,"column":9},"skip":true}]},"12":{"line":123,"type":"binary-expr","locations":[{"start":{"line":123,"column":42},"end":{"line":123,"column":73},"skip":true},{"start":{"line":123,"column":77},"end":{"line":136,"column":9},"skip":true}]},"13":{"line":138,"type":"binary-expr","locations":[{"start":{"line":138,"column":48},"end":{"line":138,"column":85},"skip":true},{"start":{"line":139,"column":12},"end":{"line":145,"column":13},"skip":true}]},"14":{"line":147,"type":"binary-expr","locations":[{"start":{"line":147,"column":42},"end":{"line":147,"column":73},"skip":true},{"start":{"line":147,"column":77},"end":{"line":156,"column":9},"skip":true}]},"15":{"line":158,"type":"binary-expr","locations":[{"start":{"line":158,"column":45},"end":{"line":158,"column":79},"skip":true},{"start":{"line":158,"column":83},"end":{"line":167,"column":9},"skip":true}]},"16":{"line":169,"type":"binary-expr","locations":[{"start":{"line":169,"column":43},"end":{"line":169,"column":75},"skip":true},{"start":{"line":169,"column":79},"end":{"line":178,"column":9},"skip":true}]},"17":{"line":180,"type":"binary-expr","locations":[{"start":{"line":180,"column":41},"end":{"line":180,"column":71},"skip":true},{"start":{"line":180,"column":75},"end":{"line":189,"column":9},"skip":true}]}},"code":["/* istanbul instrument in package npmtest_stylus_loader */","/*jslint","    bitwise: true,","    browser: true,","    maxerr: 8,","    maxlen: 96,","    node: true,","    nomen: true,","    regexp: true,","    stupid: true","*/","(function () {","    'use strict';","    var local;","","","","    // run shared js-env code - init-before","    (function () {","        // init local","        local = {};","        // init modeJs","        local.modeJs = (function () {","            try {","                return typeof navigator.userAgent === 'string' &&","                    typeof document.querySelector('body') === 'object' &&","                    typeof XMLHttpRequest.prototype.open === 'function' &&","                    'browser';","            } catch (errorCaughtBrowser) {","                return module.exports &&","                    typeof process.versions.node === 'string' &&","                    typeof require('http').createServer === 'function' &&","                    'node';","            }","        }());","        // init global","        local.global = local.modeJs === 'browser'","            ? window","            : global;","        switch (local.modeJs) {","        // re-init local from window.local","        case 'browser':","            local = local.global.utility2.objectSetDefault(","                local.global.utility2_rollup || local.global.local,","                local.global.utility2","            );","            break;","        // re-init local from example.js","        case 'node':","            local = (local.global.utility2_rollup || require('utility2'))","                .requireReadme();","            break;","        }","        // export local","        local.global.local = local;","    }());","","","","    // run shared js-env code - function","    (function () {","        return;","    }());","    switch (local.modeJs) {","","","","    // run browser js-env code - function","    case 'browser':","        break;","","","","    // run node js-env code - function","    case 'node':","        break;","    }","","","","    // run shared js-env code - init-after","    (function () {","        return;","    }());","    switch (local.modeJs) {","","","","    // run browser js-env code - init-after","    case 'browser':","        local.testCase_browser_nullCase = local.testCase_browser_nullCase || function (","            options,","            onError","        ) {","        /*","         * this function will test browsers's null-case handling-behavior-behavior","         */","            onError(null, options);","        };","","        // run tests","        local.nop(local.modeTest &&","            document.querySelector('#testRunButton1') &&","            document.querySelector('#testRunButton1').click());","        break;","","","","    // run node js-env code - init-after","    /* istanbul ignore next */","    case 'node':","        local.testCase_buildApidoc_default = local.testCase_buildApidoc_default || function (","            options,","            onError","        ) {","        /*","         * this function will test buildApidoc's default handling-behavior-behavior","         */","            options = { modulePathList: module.paths };","            local.buildApidoc(options, onError);","        };","","        local.testCase_buildApp_default = local.testCase_buildApp_default || function (","            options,","            onError","        ) {","        /*","         * this function will test buildApp's default handling-behavior-behavior","         */","            local.testCase_buildReadme_default(options, local.onErrorThrow);","            local.testCase_buildLib_default(options, local.onErrorThrow);","            local.testCase_buildTest_default(options, local.onErrorThrow);","            local.testCase_buildCustomOrg_default(options, local.onErrorThrow);","            options = [];","            local.buildApp(options, onError);","        };","","        local.testCase_buildCustomOrg_default = local.testCase_buildCustomOrg_default ||","            function (options, onError) {","            /*","             * this function will test buildCustomOrg's default handling-behavior","             */","                options = {};","                local.buildCustomOrg(options, onError);","            };","","        local.testCase_buildLib_default = local.testCase_buildLib_default || function (","            options,","            onError","        ) {","        /*","         * this function will test buildLib's default handling-behavior","         */","            options = {};","            local.buildLib(options, onError);","        };","","        local.testCase_buildReadme_default = local.testCase_buildReadme_default || function (","            options,","            onError","        ) {","        /*","         * this function will test buildReadme's default handling-behavior-behavior","         */","            options = {};","            local.buildReadme(options, onError);","        };","","        local.testCase_buildTest_default = local.testCase_buildTest_default || function (","            options,","            onError","        ) {","        /*","         * this function will test buildTest's default handling-behavior","         */","            options = {};","            local.buildTest(options, onError);","        };","","        local.testCase_webpage_default = local.testCase_webpage_default || function (","            options,","            onError","        ) {","        /*","         * this function will test webpage's default handling-behavior","         */","            options = { modeCoverageMerge: true, url: local.serverLocalHost + '?modeTest=1' };","            local.browserTest(options, onError);","        };","","        // run test-server","        local.testRunServer(local);","        break;","    }","}());",""],"l":{"12":2,"14":2,"19":2,"21":2,"23":2,"24":2,"25":2,"30":1,"37":2,"40":2,"43":1,"47":1,"50":1,"52":1,"55":2,"61":2,"62":2,"64":2,"70":1,"76":1,"82":2,"83":2,"85":2,"91":1,"98":1,"102":1,"105":1,"112":1,"119":1,"120":1,"123":1,"130":1,"131":1,"132":1,"133":1,"134":1,"135":1,"138":1,"143":2,"144":2,"147":1,"154":2,"155":2,"158":1,"165":2,"166":2,"169":1,"176":2,"177":2,"180":1,"187":1,"188":1,"192":1,"193":1}},"/home/travis/build/npmtest/node-npmtest-stylus-loader/lib.npmtest_stylus_loader.js":{"path":"/home/travis/build/npmtest/node-npmtest-stylus-loader/lib.npmtest_stylus_loader.js","s":{"1":2,"2":2,"3":2,"4":2,"5":2,"6":2,"7":2,"8":1,"9":2,"10":2,"11":2,"12":2,"13":1,"14":1,"15":1,"16":1},"b":{"1":[2,1,1,1],"2":[1,1,1,1],"3":[1,1],"4":[2,2],"5":[1,1]},"f":{"1":2,"2":2,"3":2},"fnMap":{"1":{"name":"(anonymous_1)","line":12,"loc":{"start":{"line":12,"column":1},"end":{"line":12,"column":13}}},"2":{"name":"(anonymous_2)","line":19,"loc":{"start":{"line":19,"column":5},"end":{"line":19,"column":17}}},"3":{"name":"(anonymous_3)","line":23,"loc":{"start":{"line":23,"column":24},"end":{"line":23,"column":36}}}},"statementMap":{"1":{"start":{"line":12,"column":0},"end":{"line":53,"column":5}},"2":{"start":{"line":14,"column":4},"end":{"line":14,"column":14}},"3":{"start":{"line":19,"column":4},"end":{"line":52,"column":9}},"4":{"start":{"line":21,"column":8},"end":{"line":21,"column":19}},"5":{"start":{"line":23,"column":8},"end":{"line":35,"column":13}},"6":{"start":{"line":24,"column":12},"end":{"line":34,"column":13}},"7":{"start":{"line":25,"column":16},"end":{"line":28,"column":30}},"8":{"start":{"line":30,"column":16},"end":{"line":33,"column":27}},"9":{"start":{"line":37,"column":8},"end":{"line":39,"column":21}},"10":{"start":{"line":41,"column":8},"end":{"line":41,"column":54}},"11":{"start":{"line":43,"column":8},"end":{"line":43,"column":58}},"12":{"start":{"line":45,"column":8},"end":{"line":51,"column":9}},"13":{"start":{"line":46,"column":12},"end":{"line":46,"column":64}},"14":{"start":{"line":48,"column":12},"end":{"line":48,"column":35}},"15":{"start":{"line":49,"column":12},"end":{"line":49,"column":49}},"16":{"start":{"line":50,"column":12},"end":{"line":50,"column":43}}},"branchMap":{"1":{"line":25,"type":"binary-expr","locations":[{"start":{"line":25,"column":23},"end":{"line":25,"column":62}},{"start":{"line":26,"column":20},"end":{"line":26,"column":70}},{"start":{"line":27,"column":20},"end":{"line":27,"column":71}},{"start":{"line":28,"column":20},"end":{"line":28,"column":29}}]},"2":{"line":30,"type":"binary-expr","locations":[{"start":{"line":30,"column":23},"end":{"line":30,"column":37}},{"start":{"line":31,"column":20},"end":{"line":31,"column":61}},{"start":{"line":32,"column":20},"end":{"line":32,"column":70}},{"start":{"line":33,"column":20},"end":{"line":33,"column":26}}]},"3":{"line":37,"type":"cond-expr","locations":[{"start":{"line":38,"column":14},"end":{"line":38,"column":20}},{"start":{"line":39,"column":14},"end":{"line":39,"column":20}}]},"4":{"line":41,"type":"binary-expr","locations":[{"start":{"line":41,"column":16},"end":{"line":41,"column":44}},{"start":{"line":41,"column":48},"end":{"line":41,"column":53}}]},"5":{"line":45,"type":"if","locations":[{"start":{"line":45,"column":8},"end":{"line":45,"column":8}},{"start":{"line":45,"column":8},"end":{"line":45,"column":8}}]}},"code":["/* istanbul instrument in package npmtest_stylus_loader */","/*jslint","    bitwise: true,","    browser: true,","    maxerr: 8,","    maxlen: 96,","    node: true,","    nomen: true,","    regexp: true,","    stupid: true","*/","(function () {","    'use strict';","    var local;","","","","    // run shared js-env code - init-before","    (function () {","        // init local","        local = {};","        // init modeJs","        local.modeJs = (function () {","            try {","                return typeof navigator.userAgent === 'string' &&","                    typeof document.querySelector('body') === 'object' &&","                    typeof XMLHttpRequest.prototype.open === 'function' &&","                    'browser';","            } catch (errorCaughtBrowser) {","                return module.exports &&","                    typeof process.versions.node === 'string' &&","                    typeof require('http').createServer === 'function' &&","                    'node';","            }","        }());","        // init global","        local.global = local.modeJs === 'browser'","            ? window","            : global;","        // init utility2_rollup","        local = local.global.utility2_rollup || local;","        // init lib","        local.local = local.npmtest_stylus_loader = local;","        // init exports","        if (local.modeJs === 'browser') {","            local.global.utility2_npmtest_stylus_loader = local;","        } else {","            module.exports = local;","            module.exports.__dirname = __dirname;","            module.exports.module = module;","        }","    }());","}());",""],"l":{"12":2,"14":2,"19":2,"21":2,"23":2,"24":2,"25":2,"30":1,"37":2,"41":2,"43":2,"45":2,"46":1,"48":1,"49":1,"50":1}},"/home/travis/build/npmtest/node-npmtest-stylus-loader/example.js":{"path":"/home/travis/build/npmtest/node-npmtest-stylus-loader/example.js","s":{"1":2,"2":2,"3":2,"4":2,"5":2,"6":2,"7":2,"8":1,"9":2,"10":2,"11":2,"12":2,"13":1,"14":2,"15":2,"16":2,"17":2,"18":2,"19":0,"20":2,"21":1,"22":1,"23":1,"24":1,"25":1,"26":0,"27":0,"28":1,"29":1,"30":2,"31":0,"32":0,"33":0,"34":1,"35":2,"36":2,"37":3,"38":3,"39":3,"40":3,"41":0,"42":3,"43":3,"44":3,"45":1,"46":3,"47":1,"48":1,"49":1,"50":1,"51":1,"52":1,"53":1,"54":1,"55":1,"56":1,"57":0,"58":1,"59":6,"60":6,"61":1,"62":2,"63":0,"64":2,"65":1,"66":1,"67":0,"68":0,"69":0,"70":0,"71":0,"72":0,"73":0,"74":0,"75":0,"76":0,"77":0,"78":0,"79":0,"80":0,"81":0,"82":0,"83":0},"b":{"1":[2,1,1,1],"2":[1,1,1,1],"3":[1,1],"4":[2,2],"5":[1,1],"6":[1,1],"7":[2,0],"8":[2,1,1,1,1,1],"9":[0,2,0],"10":[1,1],"11":[2,1,1],"12":[1,0],"13":[0,2],"14":[2,0,0,0,0,0,0],"15":[0,3],"16":[3,0],"17":[1,1],"18":[0,1],"19":[1,2,0,2],"20":[1,0],"21":[1,1],"22":[0,0],"23":[0,0],"24":[0,0],"25":[0,0],"26":[0,0],"27":[0,0],"28":[0,0]},"f":{"1":2,"2":2,"3":2,"4":2,"5":2,"6":2,"7":3,"8":3,"9":3,"10":1,"11":6,"12":0},"fnMap":{"1":{"name":"(anonymous_1)","line":26,"loc":{"start":{"line":26,"column":1},"end":{"line":26,"column":13}}},"2":{"name":"(anonymous_2)","line":33,"loc":{"start":{"line":33,"column":5},"end":{"line":33,"column":17}}},"3":{"name":"(anonymous_3)","line":37,"loc":{"start":{"line":37,"column":24},"end":{"line":37,"column":36}}},"4":{"name":"(anonymous_4)","line":69,"loc":{"start":{"line":69,"column":31},"end":{"line":69,"column":48}},"skip":true},"5":{"name":"(anonymous_5)","line":78,"loc":{"start":{"line":78,"column":26},"end":{"line":78,"column":45}},"skip":true},"6":{"name":"(anonymous_6)","line":123,"loc":{"start":{"line":123,"column":33},"end":{"line":123,"column":48}},"skip":true},"7":{"name":"(anonymous_7)","line":125,"loc":{"start":{"line":125,"column":27},"end":{"line":125,"column":39}},"skip":true},"8":{"name":"(anonymous_8)","line":133,"loc":{"start":{"line":133,"column":59},"end":{"line":133,"column":74}},"skip":true},"9":{"name":"(anonymous_9)","line":143,"loc":{"start":{"line":143,"column":45},"end":{"line":143,"column":62}},"skip":true},"10":{"name":"(anonymous_10)","line":144,"loc":{"start":{"line":144,"column":73},"end":{"line":144,"column":92}},"skip":true},"11":{"name":"(anonymous_11)","line":272,"loc":{"start":{"line":272,"column":51},"end":{"line":272,"column":77}},"skip":true},"12":{"name":"(anonymous_12)","line":315,"loc":{"start":{"line":315,"column":32},"end":{"line":315,"column":61}},"skip":true}},"statementMap":{"1":{"start":{"line":26,"column":0},"end":{"line":326,"column":5}},"2":{"start":{"line":28,"column":4},"end":{"line":28,"column":14}},"3":{"start":{"line":33,"column":4},"end":{"line":60,"column":9}},"4":{"start":{"line":35,"column":8},"end":{"line":35,"column":19}},"5":{"start":{"line":37,"column":8},"end":{"line":49,"column":13}},"6":{"start":{"line":38,"column":12},"end":{"line":48,"column":13}},"7":{"start":{"line":39,"column":16},"end":{"line":42,"column":30}},"8":{"start":{"line":44,"column":16},"end":{"line":47,"column":27}},"9":{"start":{"line":51,"column":8},"end":{"line":53,"column":21}},"10":{"start":{"line":55,"column":8},"end":{"line":57,"column":45}},"11":{"start":{"line":59,"column":8},"end":{"line":59,"column":35}},"12":{"start":{"line":61,"column":4},"end":{"line":325,"column":5}},"13":{"start":{"line":69,"column":8},"end":{"line":121,"column":10},"skip":true},"14":{"start":{"line":70,"column":12},"end":{"line":88,"column":13},"skip":true},"15":{"start":{"line":76,"column":16},"end":{"line":87,"column":19},"skip":true},"16":{"start":{"line":79,"column":20},"end":{"line":86,"column":21},"skip":true},"17":{"start":{"line":82,"column":24},"end":{"line":82,"column":43},"skip":true},"18":{"start":{"line":83,"column":24},"end":{"line":83,"column":30},"skip":true},"19":{"start":{"line":85,"column":24},"end":{"line":85,"column":49},"skip":true},"20":{"start":{"line":89,"column":12},"end":{"line":107,"column":13},"skip":true},"21":{"start":{"line":92,"column":16},"end":{"line":102,"column":17},"skip":true},"22":{"start":{"line":93,"column":20},"end":{"line":93,"column":86},"skip":true},"23":{"start":{"line":94,"column":20},"end":{"line":95,"column":45},"skip":true},"24":{"start":{"line":96,"column":20},"end":{"line":96,"column":42},"skip":true},"25":{"start":{"line":97,"column":20},"end":{"line":97,"column":48},"skip":true},"26":{"start":{"line":100,"column":20},"end":{"line":100,"column":85},"skip":true},"27":{"start":{"line":101,"column":20},"end":{"line":101,"column":96},"skip":true},"28":{"start":{"line":103,"column":16},"end":{"line":103,"column":22},"skip":true},"29":{"start":{"line":106,"column":16},"end":{"line":106,"column":22},"skip":true},"30":{"start":{"line":108,"column":12},"end":{"line":120,"column":13},"skip":true},"31":{"start":{"line":114,"column":16},"end":{"line":119,"column":17},"skip":true},"32":{"start":{"line":116,"column":20},"end":{"line":116,"column":78},"skip":true},"33":{"start":{"line":118,"column":20},"end":{"line":118,"column":47},"skip":true},"34":{"start":{"line":123,"column":8},"end":{"line":141,"column":11},"skip":true},"35":{"start":{"line":124,"column":12},"end":{"line":124,"column":54},"skip":true},"36":{"start":{"line":125,"column":12},"end":{"line":140,"column":14},"skip":true},"37":{"start":{"line":126,"column":16},"end":{"line":126,"column":28},"skip":true},"38":{"start":{"line":127,"column":16},"end":{"line":127,"column":69},"skip":true},"39":{"start":{"line":128,"column":16},"end":{"line":128,"column":75},"skip":true},"40":{"start":{"line":129,"column":16},"end":{"line":131,"column":17},"skip":true},"41":{"start":{"line":130,"column":20},"end":{"line":130,"column":27},"skip":true},"42":{"start":{"line":133,"column":16},"end":{"line":137,"column":36},"skip":true},"43":{"start":{"line":134,"column":20},"end":{"line":136,"column":55},"skip":true},"44":{"start":{"line":139,"column":16},"end":{"line":139,"column":57},"skip":true},"45":{"start":{"line":143,"column":8},"end":{"line":147,"column":11},"skip":true},"46":{"start":{"line":144,"column":12},"end":{"line":146,"column":15},"skip":true},"47":{"start":{"line":145,"column":16},"end":{"line":145,"column":70},"skip":true},"48":{"start":{"line":149,"column":8},"end":{"line":149,"column":31},"skip":true},"49":{"start":{"line":150,"column":8},"end":{"line":150,"column":14},"skip":true},"50":{"start":{"line":158,"column":8},"end":{"line":158,"column":31},"skip":true},"51":{"start":{"line":160,"column":8},"end":{"line":160,"column":33},"skip":true},"52":{"start":{"line":161,"column":8},"end":{"line":161,"column":37},"skip":true},"53":{"start":{"line":162,"column":8},"end":{"line":162,"column":35},"skip":true},"54":{"start":{"line":164,"column":8},"end":{"line":164,"column":50},"skip":true},"55":{"start":{"line":166,"column":8},"end":{"line":256,"column":2},"skip":true},"56":{"start":{"line":258,"column":8},"end":{"line":286,"column":9},"skip":true},"57":{"start":{"line":259,"column":12},"end":{"line":269,"column":14},"skip":true},"58":{"start":{"line":271,"column":12},"end":{"line":285,"column":19},"skip":true},"59":{"start":{"line":274,"column":20},"end":{"line":274,"column":35},"skip":true},"60":{"start":{"line":275,"column":20},"end":{"line":284,"column":21},"skip":true},"61":{"start":{"line":277,"column":24},"end":{"line":277,"column":64},"skip":true},"62":{"start":{"line":279,"column":24},"end":{"line":279,"column":40},"skip":true},"63":{"start":{"line":281,"column":24},"end":{"line":281,"column":40},"skip":true},"64":{"start":{"line":283,"column":24},"end":{"line":283,"column":39},"skip":true},"65":{"start":{"line":288,"column":8},"end":{"line":290,"column":9},"skip":true},"66":{"start":{"line":289,"column":12},"end":{"line":289,"column":18},"skip":true},"67":{"start":{"line":291,"column":8},"end":{"line":293,"column":54},"skip":true},"68":{"start":{"line":296,"column":8},"end":{"line":301,"column":37},"skip":true},"69":{"start":{"line":303,"column":8},"end":{"line":303,"column":82},"skip":true},"70":{"start":{"line":306,"column":8},"end":{"line":308,"column":9},"skip":true},"71":{"start":{"line":307,"column":12},"end":{"line":307,"column":82},"skip":true},"72":{"start":{"line":310,"column":8},"end":{"line":312,"column":9},"skip":true},"73":{"start":{"line":311,"column":12},"end":{"line":311,"column":18},"skip":true},"74":{"start":{"line":313,"column":8},"end":{"line":313,"column":54},"skip":true},"75":{"start":{"line":314,"column":8},"end":{"line":314,"column":69},"skip":true},"76":{"start":{"line":315,"column":8},"end":{"line":323,"column":36},"skip":true},"77":{"start":{"line":316,"column":12},"end":{"line":316,"column":61},"skip":true},"78":{"start":{"line":317,"column":12},"end":{"line":320,"column":13},"skip":true},"79":{"start":{"line":318,"column":16},"end":{"line":318,"column":75},"skip":true},"80":{"start":{"line":319,"column":16},"end":{"line":319,"column":23},"skip":true},"81":{"start":{"line":321,"column":12},"end":{"line":321,"column":38},"skip":true},"82":{"start":{"line":322,"column":12},"end":{"line":322,"column":27},"skip":true},"83":{"start":{"line":324,"column":8},"end":{"line":324,"column":14},"skip":true}},"branchMap":{"1":{"line":39,"type":"binary-expr","locations":[{"start":{"line":39,"column":23},"end":{"line":39,"column":62}},{"start":{"line":40,"column":20},"end":{"line":40,"column":70}},{"start":{"line":41,"column":20},"end":{"line":41,"column":71}},{"start":{"line":42,"column":20},"end":{"line":42,"column":29}}]},"2":{"line":44,"type":"binary-expr","locations":[{"start":{"line":44,"column":23},"end":{"line":44,"column":37}},{"start":{"line":45,"column":20},"end":{"line":45,"column":61}},{"start":{"line":46,"column":20},"end":{"line":46,"column":70}},{"start":{"line":47,"column":20},"end":{"line":47,"column":26}}]},"3":{"line":51,"type":"cond-expr","locations":[{"start":{"line":52,"column":14},"end":{"line":52,"column":20}},{"start":{"line":53,"column":14},"end":{"line":53,"column":20}}]},"4":{"line":55,"type":"binary-expr","locations":[{"start":{"line":55,"column":16},"end":{"line":55,"column":44}},{"start":{"line":55,"column":49},"end":{"line":57,"column":43}}]},"5":{"line":55,"type":"cond-expr","locations":[{"start":{"line":56,"column":14},"end":{"line":56,"column":57}},{"start":{"line":57,"column":14},"end":{"line":57,"column":43}}]},"6":{"line":61,"type":"switch","locations":[{"start":{"line":68,"column":4},"end":{"line":150,"column":14},"skip":true},{"start":{"line":156,"column":4},"end":{"line":324,"column":14},"skip":true}]},"7":{"line":70,"type":"if","locations":[{"start":{"line":70,"column":12},"end":{"line":70,"column":12},"skip":true},{"start":{"line":70,"column":12},"end":{"line":70,"column":12},"skip":true}]},"8":{"line":70,"type":"binary-expr","locations":[{"start":{"line":70,"column":16},"end":{"line":70,"column":22},"skip":true},{"start":{"line":70,"column":27},"end":{"line":70,"column":32},"skip":true},{"start":{"line":71,"column":20},"end":{"line":71,"column":39},"skip":true},{"start":{"line":72,"column":20},"end":{"line":72,"column":49},"skip":true},{"start":{"line":73,"column":20},"end":{"line":73,"column":58},"skip":true},{"start":{"line":74,"column":20},"end":{"line":74,"column":69},"skip":true}]},"9":{"line":79,"type":"switch","locations":[{"start":{"line":80,"column":20},"end":{"line":80,"column":33},"skip":true},{"start":{"line":81,"column":20},"end":{"line":83,"column":30},"skip":true},{"start":{"line":84,"column":20},"end":{"line":85,"column":49},"skip":true}]},"10":{"line":89,"type":"switch","locations":[{"start":{"line":90,"column":12},"end":{"line":103,"column":22},"skip":true},{"start":{"line":105,"column":12},"end":{"line":106,"column":22},"skip":true}]},"11":{"line":89,"type":"binary-expr","locations":[{"start":{"line":89,"column":20},"end":{"line":89,"column":25},"skip":true},{"start":{"line":89,"column":29},"end":{"line":89,"column":48},"skip":true},{"start":{"line":89,"column":52},"end":{"line":89,"column":74},"skip":true}]},"12":{"line":92,"type":"if","locations":[{"start":{"line":92,"column":16},"end":{"line":92,"column":16},"skip":true},{"start":{"line":92,"column":16},"end":{"line":92,"column":16},"skip":true}]},"13":{"line":108,"type":"if","locations":[{"start":{"line":108,"column":12},"end":{"line":108,"column":12},"skip":true},{"start":{"line":108,"column":12},"end":{"line":108,"column":12},"skip":true}]},"14":{"line":108,"type":"binary-expr","locations":[{"start":{"line":108,"column":16},"end":{"line":108,"column":61},"skip":true},{"start":{"line":108,"column":66},"end":{"line":108,"column":72},"skip":true},{"start":{"line":108,"column":77},"end":{"line":108,"column":82},"skip":true},{"start":{"line":109,"column":20},"end":{"line":109,"column":39},"skip":true},{"start":{"line":110,"column":20},"end":{"line":110,"column":49},"skip":true},{"start":{"line":111,"column":20},"end":{"line":111,"column":58},"skip":true},{"start":{"line":112,"column":20},"end":{"line":112,"column":68},"skip":true}]},"15":{"line":129,"type":"if","locations":[{"start":{"line":129,"column":16},"end":{"line":129,"column":16},"skip":true},{"start":{"line":129,"column":16},"end":{"line":129,"column":16},"skip":true}]},"16":{"line":134,"type":"cond-expr","locations":[{"start":{"line":135,"column":26},"end":{"line":135,"column":29},"skip":true},{"start":{"line":136,"column":26},"end":{"line":136,"column":54},"skip":true}]},"17":{"line":164,"type":"binary-expr","locations":[{"start":{"line":164,"column":27},"end":{"line":164,"column":43},"skip":true},{"start":{"line":164,"column":47},"end":{"line":164,"column":49},"skip":true}]},"18":{"line":258,"type":"if","locations":[{"start":{"line":258,"column":8},"end":{"line":258,"column":8},"skip":true},{"start":{"line":258,"column":8},"end":{"line":258,"column":8},"skip":true}]},"19":{"line":275,"type":"switch","locations":[{"start":{"line":276,"column":20},"end":{"line":277,"column":64},"skip":true},{"start":{"line":278,"column":20},"end":{"line":279,"column":40},"skip":true},{"start":{"line":280,"column":20},"end":{"line":281,"column":40},"skip":true},{"start":{"line":282,"column":20},"end":{"line":283,"column":39},"skip":true}]},"20":{"line":288,"type":"if","locations":[{"start":{"line":288,"column":8},"end":{"line":288,"column":8},"skip":true},{"start":{"line":288,"column":8},"end":{"line":288,"column":8},"skip":true}]},"21":{"line":288,"type":"binary-expr","locations":[{"start":{"line":288,"column":12},"end":{"line":288,"column":40},"skip":true},{"start":{"line":288,"column":44},"end":{"line":288,"column":67},"skip":true}]},"22":{"line":292,"type":"binary-expr","locations":[{"start":{"line":292,"column":12},"end":{"line":292,"column":50},"skip":true},{"start":{"line":293,"column":12},"end":{"line":293,"column":53},"skip":true}]},"23":{"line":297,"type":"binary-expr","locations":[{"start":{"line":297,"column":12},"end":{"line":297,"column":71},"skip":true},{"start":{"line":298,"column":12},"end":{"line":301,"column":36},"skip":true}]},"24":{"line":303,"type":"binary-expr","locations":[{"start":{"line":303,"column":43},"end":{"line":303,"column":75},"skip":true},{"start":{"line":303,"column":79},"end":{"line":303,"column":81},"skip":true}]},"25":{"line":306,"type":"if","locations":[{"start":{"line":306,"column":8},"end":{"line":306,"column":8},"skip":true},{"start":{"line":306,"column":8},"end":{"line":306,"column":8},"skip":true}]},"26":{"line":310,"type":"if","locations":[{"start":{"line":310,"column":8},"end":{"line":310,"column":8},"skip":true},{"start":{"line":310,"column":8},"end":{"line":310,"column":8},"skip":true}]},"27":{"line":313,"type":"binary-expr","locations":[{"start":{"line":313,"column":27},"end":{"line":313,"column":43},"skip":true},{"start":{"line":313,"column":47},"end":{"line":313,"column":53},"skip":true}]},"28":{"line":317,"type":"if","locations":[{"start":{"line":317,"column":12},"end":{"line":317,"column":12},"skip":true},{"start":{"line":317,"column":12},"end":{"line":317,"column":12},"skip":true}]}},"code":["/*","example.js","","quickstart example","","instruction","    1. save this script as example.js","    2. run the shell command:","        $ npm install npmtest-stylus-loader && PORT=8081 node example.js","    3. play with the browser-demo on http://127.0.0.1:8081","*/","","","","/* istanbul instrument in package npmtest_stylus_loader */","/*jslint","    bitwise: true,","    browser: true,","    maxerr: 8,","    maxlen: 96,","    node: true,","    nomen: true,","    regexp: true,","    stupid: true","*/","(function () {","    'use strict';","    var local;","","","","    // run shared js-env code - init-before","    (function () {","        // init local","        local = {};","        // init modeJs","        local.modeJs = (function () {","            try {","                return typeof navigator.userAgent === 'string' &&","                    typeof document.querySelector('body') === 'object' &&","                    typeof XMLHttpRequest.prototype.open === 'function' &&","                    'browser';","            } catch (errorCaughtBrowser) {","                return module.exports &&","                    typeof process.versions.node === 'string' &&","                    typeof require('http').createServer === 'function' &&","                    'node';","            }","        }());","        // init global","        local.global = local.modeJs === 'browser'","            ? window","            : global;","        // init utility2_rollup","        local = local.global.utility2_rollup || (local.modeJs === 'browser'","            ? local.global.utility2_npmtest_stylus_loader","            : global.utility2_moduleExports);","        // export local","        local.global.local = local;","    }());","    switch (local.modeJs) {","","","","    // init-after","    // run browser js-env code - init-after","    /* istanbul ignore next */","    case 'browser':","        local.testRunBrowser = function (event) {","            if (!event || (event &&","                    event.currentTarget &&","                    event.currentTarget.className &&","                    event.currentTarget.className.includes &&","                    event.currentTarget.className.includes('onreset'))) {","                // reset output","                Array.from(","                    document.querySelectorAll('body > .resettable')","                ).forEach(function (element) {","                    switch (element.tagName) {","                    case 'INPUT':","                    case 'TEXTAREA':","                        element.value = '';","                        break;","                    default:","                        element.textContent = '';","                    }","                });","            }","            switch (event && event.currentTarget && event.currentTarget.id) {","            case 'testRunButton1':","                // show tests","                if (document.querySelector('#testReportDiv1').style.display === 'none') {","                    document.querySelector('#testReportDiv1').style.display = 'block';","                    document.querySelector('#testRunButton1').textContent =","                        'hide internal test';","                    local.modeTest = true;","                    local.testRunDefault(local);","                // hide tests","                } else {","                    document.querySelector('#testReportDiv1').style.display = 'none';","                    document.querySelector('#testRunButton1').textContent = 'run internal test';","                }","                break;","            // custom-case","            default:","                break;","            }","            if (document.querySelector('#inputTextareaEval1') && (!event || (event &&","                    event.currentTarget &&","                    event.currentTarget.className &&","                    event.currentTarget.className.includes &&","                    event.currentTarget.className.includes('oneval')))) {","                // try to eval input-code","                try {","                    /*jslint evil: true*/","                    eval(document.querySelector('#inputTextareaEval1').value);","                } catch (errorCaught) {","                    console.error(errorCaught);","                }","            }","        };","        // log stderr and stdout to #outputTextareaStdout1","        ['error', 'log'].forEach(function (key) {","            console[key + '_original'] = console[key];","            console[key] = function () {","                var element;","                console[key + '_original'].apply(console, arguments);","                element = document.querySelector('#outputTextareaStdout1');","                if (!element) {","                    return;","                }","                // append text to #outputTextareaStdout1","                element.value += Array.from(arguments).map(function (arg) {","                    return typeof arg === 'string'","                        ? arg","                        : JSON.stringify(arg, null, 4);","                }).join(' ') + '\\n';","                // scroll textarea to bottom","                element.scrollTop = element.scrollHeight;","            };","        });","        // init event-handling","        ['change', 'click', 'keyup'].forEach(function (event) {","            Array.from(document.querySelectorAll('.on' + event)).forEach(function (element) {","                element.addEventListener(event, local.testRunBrowser);","            });","        });","        // run tests","        local.testRunBrowser();","        break;","","","","    // run node js-env code - init-after","    /* istanbul ignore next */","    case 'node':","        // export local","        module.exports = local;","        // require modules","        local.fs = require('fs');","        local.http = require('http');","        local.url = require('url');","        // init assets","        local.assetsDict = local.assetsDict || {};","        /* jslint-ignore-begin */","        local.assetsDict['/assets.index.template.html'] = '\\","<!doctype html>\\n\\","<html lang=\"en\">\\n\\","<head>\\n\\","<meta charset=\"UTF-8\">\\n\\","<meta name=\"viewport\" content=\"width=device-width, initial-scale=1\">\\n\\","<title>{{env.npm_package_name}} (v{{env.npm_package_version}})</title>\\n\\","<style>\\n\\","/*csslint\\n\\","    box-sizing: false,\\n\\","    universal-selector: false\\n\\","*/\\n\\","* {\\n\\","    box-sizing: border-box;\\n\\","}\\n\\","body {\\n\\","    background: #dde;\\n\\","    font-family: Arial, Helvetica, sans-serif;\\n\\","    margin: 2rem;\\n\\","}\\n\\","body > * {\\n\\","    margin-bottom: 1rem;\\n\\","}\\n\\",".utility2FooterDiv {\\n\\","    margin-top: 20px;\\n\\","    text-align: center;\\n\\","}\\n\\","</style>\\n\\","<style>\\n\\","/*csslint\\n\\","*/\\n\\","textarea {\\n\\","    font-family: monospace;\\n\\","    height: 10rem;\\n\\","    width: 100%;\\n\\","}\\n\\","textarea[readonly] {\\n\\","    background: #ddd;\\n\\","}\\n\\","</style>\\n\\","</head>\\n\\","<body>\\n\\","<!-- utility2-comment\\n\\","<div id=\"ajaxProgressDiv1\" style=\"background: #d00; height: 2px; left: 0; margin: 0; padding: 0; position: fixed; top: 0; transition: background 0.5s, width 1.5s; width: 25%;\"></div>\\n\\","utility2-comment -->\\n\\","<h1>\\n\\","<!-- utility2-comment\\n\\","    <a\\n\\","        {{#if env.npm_package_homepage}}\\n\\","        href=\"{{env.npm_package_homepage}}\"\\n\\","        {{/if env.npm_package_homepage}}\\n\\","        target=\"_blank\"\\n\\","    >\\n\\","utility2-comment -->\\n\\","        {{env.npm_package_name}} (v{{env.npm_package_version}})\\n\\","<!-- utility2-comment\\n\\","    </a>\\n\\","utility2-comment -->\\n\\","</h1>\\n\\","<h3>{{env.npm_package_description}}</h3>\\n\\","<!-- utility2-comment\\n\\","<h4><a download href=\"assets.app.js\">download standalone app</a></h4>\\n\\","<button class=\"onclick onreset\" id=\"testRunButton1\">run internal test</button><br>\\n\\","<div id=\"testReportDiv1\" style=\"display: none;\"></div>\\n\\","utility2-comment -->\\n\\","\\n\\","\\n\\","\\n\\","<label>stderr and stdout</label>\\n\\","<textarea class=\"resettable\" id=\"outputTextareaStdout1\" readonly></textarea>\\n\\","<!-- utility2-comment\\n\\","{{#if isRollup}}\\n\\","<script src=\"assets.app.js\"></script>\\n\\","{{#unless isRollup}}\\n\\","utility2-comment -->\\n\\","<script src=\"assets.utility2.rollup.js\"></script>\\n\\","<script src=\"jsonp.utility2._stateInit?callback=window.utility2._stateInit\"></script>\\n\\","<script src=\"assets.npmtest_stylus_loader.rollup.js\"></script>\\n\\","<script src=\"assets.example.js\"></script>\\n\\","<script src=\"assets.test.js\"></script>\\n\\","<!-- utility2-comment\\n\\","{{/if isRollup}}\\n\\","utility2-comment -->\\n\\","<div class=\"utility2FooterDiv\">\\n\\","    [ this app was created with\\n\\","    <a href=\"https://github.com/kaizhu256/node-utility2\" target=\"_blank\">utility2</a>\\n\\","    ]\\n\\","</div>\\n\\","</body>\\n\\","</html>\\n\\","';","        /* jslint-ignore-end */","        if (local.templateRender) {","            local.assetsDict['/'] = local.templateRender(","                local.assetsDict['/assets.index.template.html'],","                {","                    env: local.objectSetDefault(local.env, {","                        npm_package_description: 'the greatest app in the world!',","                        npm_package_name: 'my-app',","                        npm_package_nameAlias: 'my_app',","                        npm_package_version: '0.0.1'","                    })","                }","            );","        } else {","            local.assetsDict['/'] = local.assetsDict['/assets.index.template.html']","                .replace((/\\{\\{env\\.(\\w+?)\\}\\}/g), function (match0, match1) {","                    // jslint-hack","                    String(match0);","                    switch (match1) {","                    case 'npm_package_description':","                        return 'the greatest app in the world!';","                    case 'npm_package_name':","                        return 'my-app';","                    case 'npm_package_nameAlias':","                        return 'my_app';","                    case 'npm_package_version':","                        return '0.0.1';","                    }","                });","        }","        // run the cli","        if (local.global.utility2_rollup || module !== require.main) {","            break;","        }","        local.assetsDict['/assets.example.js'] =","            local.assetsDict['/assets.example.js'] ||","            local.fs.readFileSync(__filename, 'utf8');","        // bug-workaround - long $npm_package_buildCustomOrg","        /* jslint-ignore-begin */","        local.assetsDict['/assets.npmtest_stylus_loader.rollup.js'] =","            local.assetsDict['/assets.npmtest_stylus_loader.rollup.js'] ||","            local.fs.readFileSync(","                local.npmtest_stylus_loader.__dirname + '/lib.npmtest_stylus_loader.js',","                'utf8'","            ).replace((/^#!/), '//');","        /* jslint-ignore-end */","        local.assetsDict['/favicon.ico'] = local.assetsDict['/favicon.ico'] || '';","        // if $npm_config_timeout_exit exists,","        // then exit this process after $npm_config_timeout_exit ms","        if (Number(process.env.npm_config_timeout_exit)) {","            setTimeout(process.exit, Number(process.env.npm_config_timeout_exit));","        }","        // start server","        if (local.global.utility2_serverHttp1) {","            break;","        }","        process.env.PORT = process.env.PORT || '8081';","        console.error('server starting on port ' + process.env.PORT);","        local.http.createServer(function (request, response) {","            request.urlParsed = local.url.parse(request.url);","            if (local.assetsDict[request.urlParsed.pathname] !== undefined) {","                response.end(local.assetsDict[request.urlParsed.pathname]);","                return;","            }","            response.statusCode = 404;","            response.end();","        }).listen(process.env.PORT);","        break;","    }","}());",""],"l":{"26":2,"28":2,"33":2,"35":2,"37":2,"38":2,"39":2,"44":1,"51":2,"55":2,"59":2,"61":2,"69":1,"70":2,"76":2,"79":2,"82":2,"83":2,"85":1,"89":2,"92":1,"93":1,"94":1,"96":1,"97":1,"100":1,"101":1,"103":1,"106":1,"108":2,"114":1,"116":1,"118":1,"123":1,"124":2,"125":2,"126":3,"127":3,"128":3,"129":3,"130":1,"133":3,"134":3,"139":3,"143":1,"144":3,"145":1,"149":1,"150":1,"158":1,"160":1,"161":1,"162":1,"164":1,"166":1,"258":1,"259":1,"271":1,"274":6,"275":6,"277":1,"279":2,"281":1,"283":2,"288":1,"289":1,"291":1,"296":1,"303":1,"306":1,"307":1,"310":1,"311":1,"313":1,"314":1,"315":1,"316":1,"317":1,"318":1,"319":1,"321":1,"322":1,"324":1}},"/home/travis/build/npmtest/node-npmtest-stylus-loader/node_modules/stylus-loader/index.js":{"path":"/home/travis/build/npmtest/node-npmtest-stylus-loader/node_modules/stylus-loader/index.js","s":{"1":2,"2":2,"3":2,"4":2,"5":2,"6":2,"7":2,"8":2,"9":2,"10":2,"11":2,"12":2,"13":0,"14":0,"15":0,"16":0,"17":0,"18":0,"19":0,"20":0,"21":0,"22":0,"23":0,"24":0,"25":0,"26":0,"27":0,"28":0,"29":0,"30":0,"31":0,"32":0,"33":0,"34":0,"35":0,"36":0,"37":0,"38":0,"39":1,"40":0,"41":0,"42":0,"43":0,"44":0,"45":0,"46":0,"47":0,"48":0,"49":0,"50":0,"51":0,"52":0,"53":0,"54":0,"55":0,"56":0,"57":0,"58":0,"59":0,"60":0,"61":0,"62":0,"63":0,"64":0,"65":0,"66":0,"67":0,"68":0,"69":0,"70":0,"71":0,"72":0,"73":0,"74":0,"75":0,"76":0,"77":0,"78":0,"79":0,"80":0,"81":0,"82":0,"83":0,"84":0,"85":0,"86":0,"87":0,"88":0,"89":0,"90":0,"91":0,"92":0,"93":0,"94":0,"95":0,"96":0,"97":0,"98":0,"99":0,"100":0,"101":0,"102":2,"103":1,"104":0,"105":0,"106":0,"107":0,"108":0,"109":0,"110":0,"111":0,"112":0,"113":0,"114":0,"115":0,"116":0,"117":0,"118":0,"119":0,"120":0,"121":0,"122":0,"123":0},"b":{"1":[0,0],"2":[0,0],"3":[0,0],"4":[0,0],"5":[0,0],"6":[0,0],"7":[0,0],"8":[0,0],"9":[0,0],"10":[0,0,0],"11":[0,0,0],"12":[0,0,0],"13":[0,0,0],"14":[0,0,0],"15":[0,0],"16":[0,0],"17":[0,0],"18":[0,0],"19":[0,0],"20":[0,0],"21":[0,0],"22":[0,0],"23":[0,0],"24":[0,0],"25":[0,0],"26":[0,0],"27":[0,0],"28":[0,0],"29":[0,0],"30":[0,0],"31":[0,0],"32":[0,0],"33":[0,0],"34":[0,0],"35":[0,0],"36":[0,0],"37":[0,0],"38":[0,0],"39":[0,0],"40":[0,0]},"f":{"1":0,"2":0,"3":0,"4":0,"5":0,"6":0,"7":0,"8":0,"9":0,"10":0,"11":0,"12":0,"13":0,"14":0,"15":0,"16":0,"17":0},"fnMap":{"1":{"name":"(anonymous_1)","line":14,"loc":{"start":{"line":14,"column":17},"end":{"line":14,"column":34}}},"2":{"name":"needsArray","line":51,"loc":{"start":{"line":51,"column":2},"end":{"line":51,"column":29}}},"3":{"name":"(anonymous_3)","line":61,"loc":{"start":{"line":61,"column":31},"end":{"line":61,"column":45}}},"4":{"name":"(anonymous_4)","line":64,"loc":{"start":{"line":64,"column":32},"end":{"line":64,"column":49}}},"5":{"name":"(anonymous_5)","line":82,"loc":{"start":{"line":82,"column":32},"end":{"line":82,"column":55}}},"6":{"name":"resolveManualImports","line":128,"loc":{"start":{"line":128,"column":27},"end":{"line":128,"column":74}}},"7":{"name":"(anonymous_7)","line":131,"loc":{"start":{"line":131,"column":14},"end":{"line":131,"column":30}}},"8":{"name":"(anonymous_8)","line":134,"loc":{"start":{"line":134,"column":10},"end":{"line":134,"column":26}}},"9":{"name":"(anonymous_9)","line":139,"loc":{"start":{"line":139,"column":32},"end":{"line":139,"column":58}}},"10":{"name":"(anonymous_10)","line":141,"loc":{"start":{"line":141,"column":16},"end":{"line":141,"column":33}}},"11":{"name":"(anonymous_11)","line":152,"loc":{"start":{"line":152,"column":10},"end":{"line":152,"column":26}}},"12":{"name":"(anonymous_12)","line":156,"loc":{"start":{"line":156,"column":10},"end":{"line":156,"column":36}}},"13":{"name":"(anonymous_13)","line":159,"loc":{"start":{"line":159,"column":40},"end":{"line":159,"column":52}}},"14":{"name":"(anonymous_14)","line":165,"loc":{"start":{"line":165,"column":18},"end":{"line":165,"column":37}}},"15":{"name":"(anonymous_15)","line":170,"loc":{"start":{"line":170,"column":71},"end":{"line":170,"column":87}}},"16":{"name":"OptionsPlugin","line":184,"loc":{"start":{"line":184,"column":0},"end":{"line":184,"column":32}}},"17":{"name":"(anonymous_17)","line":217,"loc":{"start":{"line":217,"column":32},"end":{"line":217,"column":51}}}},"statementMap":{"1":{"start":{"line":1,"column":0},"end":{"line":1,"column":42}},"2":{"start":{"line":2,"column":0},"end":{"line":2,"column":31}},"3":{"start":{"line":3,"column":0},"end":{"line":3,"column":27}},"4":{"start":{"line":4,"column":0},"end":{"line":4,"column":23}},"5":{"start":{"line":5,"column":0},"end":{"line":5,"column":27}},"6":{"start":{"line":6,"column":0},"end":{"line":6,"column":47}},"7":{"start":{"line":7,"column":0},"end":{"line":7,"column":44}},"8":{"start":{"line":9,"column":0},"end":{"line":9,"column":53}},"9":{"start":{"line":10,"column":0},"end":{"line":10,"column":43}},"10":{"start":{"line":11,"column":0},"end":{"line":11,"column":41}},"11":{"start":{"line":13,"column":0},"end":{"line":13,"column":29}},"12":{"start":{"line":14,"column":0},"end":{"line":179,"column":2}},"13":{"start":{"line":15,"column":2},"end":{"line":15,"column":18}},"14":{"start":{"line":16,"column":2},"end":{"line":16,"column":37}},"15":{"start":{"line":17,"column":2},"end":{"line":17,"column":26}},"16":{"start":{"line":18,"column":2},"end":{"line":18,"column":62}},"17":{"start":{"line":19,"column":2},"end":{"line":19,"column":36}},"18":{"start":{"line":20,"column":2},"end":{"line":20,"column":59}},"19":{"start":{"line":21,"column":2},"end":{"line":21,"column":42}},"20":{"start":{"line":23,"column":2},"end":{"line":23,"column":31}},"21":{"start":{"line":24,"column":2},"end":{"line":30,"column":3}},"22":{"start":{"line":25,"column":4},"end":{"line":25,"column":44}},"23":{"start":{"line":26,"column":4},"end":{"line":26,"column":49}},"24":{"start":{"line":28,"column":4},"end":{"line":28,"column":43}},"25":{"start":{"line":29,"column":4},"end":{"line":29,"column":50}},"26":{"start":{"line":33,"column":2},"end":{"line":33,"column":51}},"27":{"start":{"line":34,"column":2},"end":{"line":34,"column":64}},"28":{"start":{"line":35,"column":2},"end":{"line":35,"column":67}},"29":{"start":{"line":36,"column":2},"end":{"line":36,"column":55}},"30":{"start":{"line":37,"column":2},"end":{"line":37,"column":64}},"31":{"start":{"line":38,"column":2},"end":{"line":38,"column":55}},"32":{"start":{"line":40,"column":2},"end":{"line":46,"column":3}},"33":{"start":{"line":41,"column":4},"end":{"line":41,"column":42}},"34":{"start":{"line":42,"column":4},"end":{"line":42,"column":29}},"35":{"start":{"line":44,"column":7},"end":{"line":46,"column":3}},"36":{"start":{"line":45,"column":4},"end":{"line":45,"column":43}},"37":{"start":{"line":48,"column":2},"end":{"line":48,"column":37}},"38":{"start":{"line":49,"column":2},"end":{"line":49,"column":47}},"39":{"start":{"line":51,"column":2},"end":{"line":53,"column":3}},"40":{"start":{"line":52,"column":4},"end":{"line":52,"column":52}},"41":{"start":{"line":55,"column":2},"end":{"line":58,"column":3}},"42":{"start":{"line":56,"column":4},"end":{"line":56,"column":40}},"43":{"start":{"line":57,"column":4},"end":{"line":57,"column":36}},"44":{"start":{"line":60,"column":2},"end":{"line":60,"column":25}},"45":{"start":{"line":61,"column":2},"end":{"line":92,"column":5}},"46":{"start":{"line":62,"column":4},"end":{"line":62,"column":29}},"47":{"start":{"line":63,"column":4},"end":{"line":91,"column":5}},"48":{"start":{"line":64,"column":6},"end":{"line":70,"column":9}},"49":{"start":{"line":65,"column":8},"end":{"line":69,"column":9}},"50":{"start":{"line":66,"column":10},"end":{"line":66,"column":27}},"51":{"start":{"line":68,"column":10},"end":{"line":68,"column":57}},"52":{"start":{"line":71,"column":11},"end":{"line":91,"column":5}},"53":{"start":{"line":72,"column":6},"end":{"line":74,"column":7}},"54":{"start":{"line":73,"column":8},"end":{"line":73,"column":36}},"55":{"start":{"line":75,"column":11},"end":{"line":91,"column":5}},"56":{"start":{"line":76,"column":6},"end":{"line":78,"column":7}},"57":{"start":{"line":77,"column":8},"end":{"line":77,"column":51}},"58":{"start":{"line":79,"column":11},"end":{"line":91,"column":5}},"59":{"start":{"line":80,"column":6},"end":{"line":80,"column":57}},"60":{"start":{"line":81,"column":11},"end":{"line":91,"column":5}},"61":{"start":{"line":82,"column":6},"end":{"line":84,"column":9}},"62":{"start":{"line":83,"column":8},"end":{"line":83,"column":41}},"63":{"start":{"line":86,"column":6},"end":{"line":86,"column":27}},"64":{"start":{"line":88,"column":6},"end":{"line":90,"column":7}},"65":{"start":{"line":89,"column":8},"end":{"line":89,"column":39}},"66":{"start":{"line":94,"column":2},"end":{"line":94,"column":64}},"67":{"start":{"line":96,"column":2},"end":{"line":96,"column":19}},"68":{"start":{"line":97,"column":2},"end":{"line":104,"column":3}},"69":{"start":{"line":98,"column":4},"end":{"line":103,"column":5}},"70":{"start":{"line":99,"column":6},"end":{"line":99,"column":48}},"71":{"start":{"line":101,"column":6},"end":{"line":101,"column":78}},"72":{"start":{"line":101,"column":42},"end":{"line":101,"column":78}},"73":{"start":{"line":102,"column":6},"end":{"line":102,"column":52}},"74":{"start":{"line":109,"column":2},"end":{"line":109,"column":15}},"75":{"start":{"line":110,"column":2},"end":{"line":115,"column":3}},"76":{"start":{"line":111,"column":4},"end":{"line":111,"column":57}},"77":{"start":{"line":112,"column":4},"end":{"line":112,"column":62}},"78":{"start":{"line":114,"column":4},"end":{"line":114,"column":27}},"79":{"start":{"line":117,"column":2},"end":{"line":117,"column":66}},"80":{"start":{"line":118,"column":2},"end":{"line":121,"column":4}},"81":{"start":{"line":124,"column":2},"end":{"line":124,"column":61}},"82":{"start":{"line":126,"column":2},"end":{"line":178,"column":17}},"83":{"start":{"line":129,"column":6},"end":{"line":131,"column":63}},"84":{"start":{"line":131,"column":32},"end":{"line":131,"column":59}},"85":{"start":{"line":135,"column":6},"end":{"line":135,"column":44}},"86":{"start":{"line":136,"column":6},"end":{"line":136,"column":40}},"87":{"start":{"line":138,"column":6},"end":{"line":138,"column":64}},"88":{"start":{"line":139,"column":6},"end":{"line":150,"column":9}},"89":{"start":{"line":140,"column":8},"end":{"line":145,"column":13}},"90":{"start":{"line":142,"column":12},"end":{"line":144,"column":14}},"91":{"start":{"line":153,"column":6},"end":{"line":154,"column":75}},"92":{"start":{"line":158,"column":6},"end":{"line":158,"column":38}},"93":{"start":{"line":159,"column":6},"end":{"line":161,"column":9}},"94":{"start":{"line":160,"column":8},"end":{"line":160,"column":46}},"95":{"start":{"line":165,"column":6},"end":{"line":176,"column":9}},"96":{"start":{"line":166,"column":8},"end":{"line":175,"column":9}},"97":{"start":{"line":167,"column":10},"end":{"line":167,"column":20}},"98":{"start":{"line":169,"column":10},"end":{"line":173,"column":11}},"99":{"start":{"line":170,"column":12},"end":{"line":172,"column":15}},"100":{"start":{"line":171,"column":14},"end":{"line":171,"column":64}},"101":{"start":{"line":174,"column":10},"end":{"line":174,"column":42}},"102":{"start":{"line":181,"column":0},"end":{"line":181,"column":65}},"103":{"start":{"line":184,"column":0},"end":{"line":213,"column":1}},"104":{"start":{"line":185,"column":2},"end":{"line":189,"column":3}},"105":{"start":{"line":186,"column":4},"end":{"line":188,"column":6}},"106":{"start":{"line":190,"column":2},"end":{"line":190,"column":25}},"107":{"start":{"line":191,"column":2},"end":{"line":191,"column":39}},"108":{"start":{"line":192,"column":2},"end":{"line":192,"column":32}},"109":{"start":{"line":193,"column":2},"end":{"line":193,"column":32}},"110":{"start":{"line":195,"column":2},"end":{"line":197,"column":4}},"111":{"start":{"line":198,"column":2},"end":{"line":202,"column":3}},"112":{"start":{"line":199,"column":4},"end":{"line":201,"column":5}},"113":{"start":{"line":200,"column":6},"end":{"line":200,"column":40}},"114":{"start":{"line":203,"column":2},"end":{"line":205,"column":3}},"115":{"start":{"line":204,"column":4},"end":{"line":204,"column":30}},"116":{"start":{"line":206,"column":2},"end":{"line":208,"column":3}},"117":{"start":{"line":207,"column":4},"end":{"line":207,"column":36}},"118":{"start":{"line":209,"column":2},"end":{"line":211,"column":3}},"119":{"start":{"line":210,"column":4},"end":{"line":210,"column":36}},"120":{"start":{"line":212,"column":2},"end":{"line":212,"column":55}},"121":{"start":{"line":215,"column":0},"end":{"line":215,"column":45}},"122":{"start":{"line":217,"column":0},"end":{"line":219,"column":2}},"123":{"start":{"line":218,"column":2},"end":{"line":218,"column":30}}},"branchMap":{"1":{"line":16,"type":"binary-expr","locations":[{"start":{"line":16,"column":2},"end":{"line":16,"column":16}},{"start":{"line":16,"column":20},"end":{"line":16,"column":36}}]},"2":{"line":18,"type":"binary-expr","locations":[{"start":{"line":18,"column":26},"end":{"line":18,"column":54}},{"start":{"line":18,"column":58},"end":{"line":18,"column":60}}]},"3":{"line":19,"type":"binary-expr","locations":[{"start":{"line":19,"column":17},"end":{"line":19,"column":29}},{"start":{"line":19,"column":33},"end":{"line":19,"column":35}}]},"4":{"line":20,"type":"binary-expr","locations":[{"start":{"line":20,"column":21},"end":{"line":20,"column":37}},{"start":{"line":20,"column":41},"end":{"line":20,"column":58}}]},"5":{"line":24,"type":"if","locations":[{"start":{"line":24,"column":2},"end":{"line":24,"column":2}},{"start":{"line":24,"column":2},"end":{"line":24,"column":2}}]},"6":{"line":25,"type":"binary-expr","locations":[{"start":{"line":25,"column":16},"end":{"line":25,"column":30}},{"start":{"line":25,"column":34},"end":{"line":25,"column":43}}]},"7":{"line":26,"type":"binary-expr","locations":[{"start":{"line":26,"column":20},"end":{"line":26,"column":42}},{"start":{"line":26,"column":46},"end":{"line":26,"column":48}}]},"8":{"line":28,"type":"binary-expr","locations":[{"start":{"line":28,"column":16},"end":{"line":28,"column":30}},{"start":{"line":28,"column":34},"end":{"line":28,"column":42}}]},"9":{"line":29,"type":"binary-expr","locations":[{"start":{"line":29,"column":20},"end":{"line":29,"column":43}},{"start":{"line":29,"column":47},"end":{"line":29,"column":49}}]},"10":{"line":33,"type":"binary-expr","locations":[{"start":{"line":33,"column":12},"end":{"line":33,"column":23}},{"start":{"line":33,"column":27},"end":{"line":33,"column":44}},{"start":{"line":33,"column":48},"end":{"line":33,"column":50}}]},"11":{"line":34,"type":"binary-expr","locations":[{"start":{"line":34,"column":19},"end":{"line":34,"column":33}},{"start":{"line":34,"column":37},"end":{"line":34,"column":57}},{"start":{"line":34,"column":61},"end":{"line":34,"column":63}}]},"12":{"line":35,"type":"binary-expr","locations":[{"start":{"line":35,"column":20},"end":{"line":35,"column":35}},{"start":{"line":35,"column":39},"end":{"line":35,"column":60}},{"start":{"line":35,"column":64},"end":{"line":35,"column":66}}]},"13":{"line":36,"type":"binary-expr","locations":[{"start":{"line":36,"column":16},"end":{"line":36,"column":27}},{"start":{"line":36,"column":31},"end":{"line":36,"column":48}},{"start":{"line":36,"column":52},"end":{"line":36,"column":54}}]},"14":{"line":37,"type":"binary-expr","locations":[{"start":{"line":37,"column":19},"end":{"line":37,"column":33}},{"start":{"line":37,"column":37},"end":{"line":37,"column":57}},{"start":{"line":37,"column":61},"end":{"line":37,"column":63}}]},"15":{"line":38,"type":"binary-expr","locations":[{"start":{"line":38,"column":18},"end":{"line":38,"column":31}},{"start":{"line":38,"column":35},"end":{"line":38,"column":54}}]},"16":{"line":40,"type":"if","locations":[{"start":{"line":40,"column":2},"end":{"line":40,"column":2}},{"start":{"line":40,"column":2},"end":{"line":40,"column":2}}]},"17":{"line":44,"type":"if","locations":[{"start":{"line":44,"column":7},"end":{"line":44,"column":7}},{"start":{"line":44,"column":7},"end":{"line":44,"column":7}}]},"18":{"line":52,"type":"cond-expr","locations":[{"start":{"line":52,"column":36},"end":{"line":52,"column":41}},{"start":{"line":52,"column":44},"end":{"line":52,"column":51}}]},"19":{"line":55,"type":"if","locations":[{"start":{"line":55,"column":2},"end":{"line":55,"column":2}},{"start":{"line":55,"column":2},"end":{"line":55,"column":2}}]},"20":{"line":55,"type":"binary-expr","locations":[{"start":{"line":55,"column":6},"end":{"line":55,"column":19}},{"start":{"line":55,"column":23},"end":{"line":55,"column":52}}]},"21":{"line":63,"type":"if","locations":[{"start":{"line":63,"column":4},"end":{"line":63,"column":4}},{"start":{"line":63,"column":4},"end":{"line":63,"column":4}}]},"22":{"line":65,"type":"if","locations":[{"start":{"line":65,"column":8},"end":{"line":65,"column":8}},{"start":{"line":65,"column":8},"end":{"line":65,"column":8}}]},"23":{"line":71,"type":"if","locations":[{"start":{"line":71,"column":11},"end":{"line":71,"column":11}},{"start":{"line":71,"column":11},"end":{"line":71,"column":11}}]},"24":{"line":75,"type":"if","locations":[{"start":{"line":75,"column":11},"end":{"line":75,"column":11}},{"start":{"line":75,"column":11},"end":{"line":75,"column":11}}]},"25":{"line":79,"type":"if","locations":[{"start":{"line":79,"column":11},"end":{"line":79,"column":11}},{"start":{"line":79,"column":11},"end":{"line":79,"column":11}}]},"26":{"line":81,"type":"if","locations":[{"start":{"line":81,"column":11},"end":{"line":81,"column":11}},{"start":{"line":81,"column":11},"end":{"line":81,"column":11}}]},"27":{"line":88,"type":"if","locations":[{"start":{"line":88,"column":6},"end":{"line":88,"column":6}},{"start":{"line":88,"column":6},"end":{"line":88,"column":6}}]},"28":{"line":88,"type":"binary-expr","locations":[{"start":{"line":88,"column":10},"end":{"line":88,"column":31}},{"start":{"line":88,"column":35},"end":{"line":88,"column":40}}]},"29":{"line":97,"type":"if","locations":[{"start":{"line":97,"column":2},"end":{"line":97,"column":2}},{"start":{"line":97,"column":2},"end":{"line":97,"column":2}}]},"30":{"line":98,"type":"if","locations":[{"start":{"line":98,"column":4},"end":{"line":98,"column":4}},{"start":{"line":98,"column":4},"end":{"line":98,"column":4}}]},"31":{"line":101,"type":"if","locations":[{"start":{"line":101,"column":6},"end":{"line":101,"column":6}},{"start":{"line":101,"column":6},"end":{"line":101,"column":6}}]},"32":{"line":124,"type":"cond-expr","locations":[{"start":{"line":124,"column":24},"end":{"line":124,"column":27}},{"start":{"line":124,"column":30},"end":{"line":124,"column":35}}]},"33":{"line":166,"type":"if","locations":[{"start":{"line":166,"column":8},"end":{"line":166,"column":8}},{"start":{"line":166,"column":8},"end":{"line":166,"column":8}}]},"34":{"line":169,"type":"if","locations":[{"start":{"line":169,"column":10},"end":{"line":169,"column":10}},{"start":{"line":169,"column":10},"end":{"line":169,"column":10}}]},"35":{"line":185,"type":"if","locations":[{"start":{"line":185,"column":2},"end":{"line":185,"column":2}},{"start":{"line":185,"column":2},"end":{"line":185,"column":2}}]},"36":{"line":191,"type":"binary-expr","locations":[{"start":{"line":191,"column":13},"end":{"line":191,"column":25}},{"start":{"line":191,"column":29},"end":{"line":191,"column":38}}]},"37":{"line":199,"type":"if","locations":[{"start":{"line":199,"column":4},"end":{"line":199,"column":4}},{"start":{"line":199,"column":4},"end":{"line":199,"column":4}}]},"38":{"line":203,"type":"if","locations":[{"start":{"line":203,"column":2},"end":{"line":203,"column":2}},{"start":{"line":203,"column":2},"end":{"line":203,"column":2}}]},"39":{"line":206,"type":"if","locations":[{"start":{"line":206,"column":2},"end":{"line":206,"column":2}},{"start":{"line":206,"column":2},"end":{"line":206,"column":2}}]},"40":{"line":209,"type":"if","locations":[{"start":{"line":209,"column":2},"end":{"line":209,"column":2}},{"start":{"line":209,"column":2},"end":{"line":209,"column":2}}]}},"code":["var loaderUtils = require('loader-utils');","var stylus = require('stylus');","var path = require('path');","var fs = require('fs');","var when = require('when');","var whenNodefn = require('when/node/function');","var cloneDeep = require('lodash.clonedeep');","","var CachedPathEvaluator = require('./lib/evaluator');","var PathCache = require('./lib/pathcache');","var resolver = require('./lib/resolver');","","var globalImportsCaches = {};","module.exports = function(source) {","  var self = this;","  this.cacheable && this.cacheable();","  var done = this.async();","  var options = cloneDeep(loaderUtils.getOptions(this) || {});","  options.dest = options.dest || '';","  options.filename = options.filename || this.resourcePath;","  options.Evaluator = CachedPathEvaluator;","","  var configKey, stylusOptions;","  if (this.stylus) {","    configKey = options.config || 'default';","    stylusOptions = this.stylus[configKey] || {};","  } else {","    configKey = options.config || 'stylus';","    stylusOptions = this.options[configKey] || {};","  }","  // Instead of assigning to options, we run them manually later so their side effects apply earlier for","  // resolving paths.","  var use = options.use || stylusOptions.use || [];","  options.import = options.import || stylusOptions.import || [];","  options.include = options.include || stylusOptions.include || [];","  options.set = options.set || stylusOptions.set || {};","  options.define = options.define || stylusOptions.define || {};","  options.paths = options.paths || stylusOptions.paths;","","  if (options.sourceMap != null) {","    options.sourcemap = options.sourceMap;","    delete options.sourceMap;","  }","  else if (this.sourceMap) {","    options.sourcemap = { comment: false };","  }","","  var styl = stylus(source, options);","  var paths = [path.dirname(options.filename)];","","  function needsArray(value) {","    return (Array.isArray(value)) ? value : [value];","  }","","  if (options.paths && !Array.isArray(options.paths)) {","    paths = paths.concat(options.paths);","    options.paths = [options.paths];","  }","","  var manualImports = [];","  Object.keys(options).forEach(function(key) {","    var value = options[key];","    if (key === 'use') {","      needsArray(value).forEach(function(plugin) {","        if (typeof plugin === 'function') {","          styl.use(plugin);","        } else {","          throw new Error('Plugin should be a function');","        }","      });","    } else if (key === 'set') {","      for (var name in value) {","        styl.set(name, value[name]);","      }","    } else if (key === 'define') {","      for (var defineName in value) {","        styl.define(defineName, value[defineName]);","      }","    } else if (key === 'include') {","      needsArray(value).forEach(styl.include.bind(styl));","    } else if (key === 'import') {","      needsArray(value).forEach(function(stylusModule) {","        manualImports.push(stylusModule);","      });","    } else {","      styl.set(key, value);","","      if (key === 'resolve url' && value) {","        styl.define('url', resolver());","      }","    }","  });","","  var shouldCacheImports = stylusOptions.importsCache !== false;","","  var importsCache;","  if (stylusOptions.importsCache !== false) {","    if (typeof stylusOptions.importsCache === 'object') {","      importsCache = stylusOptions.importsCache;","    } else {","      if(!globalImportsCaches[configKey]) globalImportsCaches[configKey] = {};","      importsCache = globalImportsCaches[configKey];","    }","  }","","  // Use input file system's readFile if available. The normal webpack input","  // file system is cached with entries purged when they are detected to be","  // changed on disk by the watcher.","  var readFile;","  try {","    var inputFileSystem = this._compiler.inputFileSystem;","    readFile = inputFileSystem.readFile.bind(inputFileSystem);","  } catch (error) {","    readFile = fs.readFile;","  }","","  var boundResolvers = PathCache.resolvers(options, this.resolve);","  var pathCacheHelpers = {","    resolvers: boundResolvers,","    readFile: readFile,","  };","","  // Use plugins here so that resolve related side effects can be used while we resolve imports.","  (Array.isArray(use) ? use : [use]).forEach(styl.use, styl);","","  when","    // Resolve manual imports like @import files.","    .reduce(manualImports, function resolveManualImports(carry, filename) {","      return PathCache.resolvers","        .reduce(boundResolvers, path.dirname(options.filename), filename)","        .then(function(paths) { return carry.concat(paths); });","    }, [])","    // Resolve dependencies of","    .then(function(paths) {","      paths.forEach(styl.import.bind(styl));","      paths.forEach(self.addDependency);","","      var readFile = whenNodefn.lift(pathCacheHelpers.readFile);","      return when.reduce(paths, function(cache, filepath) {","        return readFile(filepath)","          .then(function(source) {","            return PathCache.createFromFile(","              pathCacheHelpers, cache, source.toString(), filepath","            );","          });","      }, {","        contexts: {},","        sources: {},","        imports: importsCache,","      });","    })","    .then(function(cache) {","      return PathCache","        .createFromFile(pathCacheHelpers, cache, source, options.filename);","    })","    .then(function(importPathCache) {","      // CachedPathEvaluator will use this PathCache to find its dependencies.","      options.cache = importPathCache;","      importPathCache.allDeps().forEach(function(f) {","        self.addDependency(path.normalize(f));","      });","","      // var paths = importPathCache.origins;","","      styl.render(function(err, css) {","        if (err) {","          done(err);","        } else {","          if (styl.sourcemap) {","            styl.sourcemap.sourcesContent = styl.sourcemap.sources.map(function (file) {","              return importPathCache.sources[path.resolve(file)]","            });","          }","          done(null, css, styl.sourcemap);","        }","      });","    })","    .catch(done);","};","","var LoaderOptionsPlugin = require('webpack').LoaderOptionsPlugin;","","// Webpack 2 plugin for setting options that'll be available to stylus-loader.","function OptionsPlugin(options) {","  if (!LoaderOptionsPlugin) {","    throw new Error(","      'webpack.LoaderOptionPlugin is not available. A newer version of webpack is needed.'","    );","  }","  var stylusOptions = {};","  var test = options.test || /\\.styl$/;","  var include = options.include;","  var exclude = options.exclude;","","  var loaderOptions = {","    stylus: stylusOptions,","  };","  for (var key in options) {","    if (['test', 'include', 'exclude'].indexOf(key) === -1) {","      stylusOptions[key] = options[key];","    }","  }","  if (test) {","    loaderOptions.test = test;","  }","  if (include) {","    loaderOptions.include = include;","  }","  if (exclude) {","    loaderOptions.exclude = exclude;","  }","  this.plugin = new LoaderOptionsPlugin(loaderOptions);","};","","module.exports.OptionsPlugin = OptionsPlugin;","","OptionsPlugin.prototype.apply = function(compiler) {","  this.plugin.apply(compiler);","};",""],"l":{"1":2,"2":2,"3":2,"4":2,"5":2,"6":2,"7":2,"9":2,"10":2,"11":2,"13":2,"14":2,"15":0,"16":0,"17":0,"18":0,"19":0,"20":0,"21":0,"23":0,"24":0,"25":0,"26":0,"28":0,"29":0,"33":0,"34":0,"35":0,"36":0,"37":0,"38":0,"40":0,"41":0,"42":0,"44":0,"45":0,"48":0,"49":0,"51":1,"52":0,"55":0,"56":0,"57":0,"60":0,"61":0,"62":0,"63":0,"64":0,"65":0,"66":0,"68":0,"71":0,"72":0,"73":0,"75":0,"76":0,"77":0,"79":0,"80":0,"81":0,"82":0,"83":0,"86":0,"88":0,"89":0,"94":0,"96":0,"97":0,"98":0,"99":0,"101":0,"102":0,"109":0,"110":0,"111":0,"112":0,"114":0,"117":0,"118":0,"124":0,"126":0,"129":0,"131":0,"135":0,"136":0,"138":0,"139":0,"140":0,"142":0,"153":0,"158":0,"159":0,"160":0,"165":0,"166":0,"167":0,"169":0,"170":0,"171":0,"174":0,"181":2,"184":1,"185":0,"186":0,"190":0,"191":0,"192":0,"193":0,"195":0,"198":0,"199":0,"200":0,"203":0,"204":0,"206":0,"207":0,"209":0,"210":0,"212":0,"215":0,"217":0,"218":0}},"/home/travis/build/npmtest/node-npmtest-stylus-loader/node_modules/stylus-loader/lib/evaluator.js":{"path":"/home/travis/build/npmtest/node-npmtest-stylus-loader/node_modules/stylus-loader/lib/evaluator.js","s":{"1":1,"2":1,"3":1,"4":0,"5":0,"6":0,"7":0,"8":0,"9":0,"10":0,"11":0,"12":0,"13":0,"14":0,"15":0,"16":0,"17":0,"18":0,"19":0,"20":0,"21":0,"22":0,"23":0,"24":0,"25":0,"26":0,"27":0,"28":0,"29":0,"30":0,"31":0,"32":0,"33":0,"34":0,"35":0,"36":0,"37":0,"38":0,"39":0,"40":0,"41":0,"42":1,"43":0,"44":0,"45":1,"46":1,"47":1,"48":0,"49":0,"50":0,"51":0,"52":0,"53":0,"54":0,"55":0,"56":0,"57":0,"58":0,"59":0,"60":0,"61":0,"62":0,"63":0,"64":0,"65":0,"66":0,"67":0,"68":0,"69":0,"70":0,"71":0,"72":0,"73":0,"74":0,"75":0,"76":0,"77":0,"78":0,"79":0,"80":0,"81":0},"b":{"1":[0,0],"2":[0,0],"3":[0,0],"4":[0,0],"5":[0,0],"6":[0,0],"7":[0,0],"8":[0,0],"9":[0,0],"10":[0,0],"11":[0,0],"12":[0,0],"13":[0,0],"14":[0,0],"15":[0,0],"16":[0,0],"17":[0,0],"18":[0,0],"19":[0,0],"20":[0,0],"21":[0,0],"22":[0,0],"23":[0,0],"24":[0,0],"25":[0,0],"26":[0,0]},"f":{"1":0,"2":0,"3":0},"fnMap":{"1":{"name":"importFile","line":27,"loc":{"start":{"line":27,"column":0},"end":{"line":27,"column":48}}},"2":{"name":"CachedPathEvaluator","line":91,"loc":{"start":{"line":91,"column":0},"end":{"line":91,"column":44}}},"3":{"name":"(anonymous_3)","line":100,"loc":{"start":{"line":100,"column":44},"end":{"line":100,"column":63}}}},"statementMap":{"1":{"start":{"line":5,"column":0},"end":{"line":18,"column":23}},"2":{"start":{"line":20,"column":0},"end":{"line":20,"column":37}},"3":{"start":{"line":27,"column":0},"end":{"line":89,"column":1}},"4":{"start":{"line":28,"column":2},"end":{"line":30,"column":11}},"5":{"start":{"line":33,"column":2},"end":{"line":40,"column":3}},"6":{"start":{"line":34,"column":4},"end":{"line":34,"column":53}},"7":{"start":{"line":34,"column":35},"end":{"line":34,"column":53}},"8":{"start":{"line":35,"column":4},"end":{"line":35,"column":37}},"9":{"start":{"line":37,"column":4},"end":{"line":39,"column":5}},"10":{"start":{"line":38,"column":6},"end":{"line":38,"column":18}},"11":{"start":{"line":43,"column":2},"end":{"line":43,"column":19}},"12":{"start":{"line":44,"column":2},"end":{"line":44,"column":31}},"13":{"start":{"line":46,"column":2},"end":{"line":46,"column":27}},"14":{"start":{"line":47,"colum
[...]
es[fullPath] = _source;","      return _source;","    })","    // Make sure the stylus functions/index.styl source is stored.","    .then(partial(ensureFunctionsSource, sources))","    // List imports and use its cache. The source file is translated into a","    // list of imports. Where the source file came from isn't important for the","    // list. The where is added by resolveMany with the context and resolvers.","    .then(partialRight(listImports, { cache: parentCache.imports }))","    .then(resolveMany.bind(null, resolvers, context))","    .then(function(newPaths) {","      // Contexts are the full path since multiple could be in the same folder","      // but different deps.","      contexts[context] = merge(contexts[context] || {}, newPaths);","      return when.map(Object.keys(newPaths), function(key) {","        var found = newPaths[key] && newPaths[key].path;","        if (found) {","          return when.map(found, nestResolve);","        }","      });","    })","    .then(function() {","      return PathCache.create(contexts, sources, parentCache.imports);","    });","}","","// Resolve functions in a promise wrapper to catch any errors from resolving.","var functionsPath =","  new when.Promise(function(resolve) {","    resolve(require.resolve('stylus/lib/functions/index.styl'));","  })","  .catch(function() { return ''; });","","var functionsSource = functionsPath","  .then(readFile)","  .catch(function(error) {","    // Ignore error if functions/index.styl doesn't exist.","    if (error.code !== 'ENOENT') {","      throw error;","    }","    return '';","  })","  .then(String);","","function ensureFunctionsSource(sources, source) {","  if (!sources[functionsPath]) {","    return functionsSource","      .then(function(functionsSource) {","        if (functionsSource) {","          sources[functionsPath] = functionsSource;","        }","      })","      // Pass through the source given to this function.","      .yield(source);","  }","  // Pass through the source given to this function.","  return source;","}","","var slice = Array.prototype.slice.call.bind(Array.prototype.slice);","","function merge(a, b) {","  var key;","  for (key in b) {","    a[key] = b[key];","  }","  return a;","}","","function partial(fn) {","  var args = slice(arguments, 1);","  return function() {","    return fn.apply(this, args.concat(slice(arguments)));","  };","}","","function partialRight(fn) {","  var args = slice(arguments, 1);","  return function() {","    return fn.apply(this, slice(arguments).concat(args));","  };","}","","function normalizePaths(paths) {","  for(var i in paths) {","    paths[i] = path.normalize(paths[i]);","  }","  return paths;","}"],"l":{"1":1,"2":1,"4":1,"5":1,"6":1,"7":1,"8":1,"9":1,"11":1,"13":1,"15":1,"20":1,"21":0,"22":0,"23":0,"27":0,"28":0,"29":0,"30":0,"36":1,"37":0,"39":1,"42":1,"44":1,"47":1,"48":0,"49":0,"50":0,"51":0,"52":0,"56":0,"58":0,"63":1,"64":0,"65":0,"67":0,"72":1,"73":0,"74":0,"75":0,"76":0,"77":0,"81":0,"88":1,"89":0,"90":0,"93":0,"95":0,"96":0,"99":0,"100":0,"101":0,"102":0,"108":0,"111":0,"112":0,"115":0,"116":0,"117":0,"118":0,"123":0,"127":0,"129":0,"133":0,"134":0,"136":0,"140":0,"141":0,"148":0,"156":1,"157":0,"159":0,"171":1,"172":0,"174":0,"175":0,"176":0,"177":0,"178":0,"183":1,"184":0,"187":0,"188":0,"189":0,"191":0,"197":1,"198":0,"199":0,"201":0,"202":0,"204":0,"205":0,"206":0,"207":0,"209":0,"216":0,"217":0,"229":0,"230":0,"231":0,"232":0,"233":0,"238":0,"243":1,"245":1,"247":0,"249":1,"253":0,"254":0,"256":0,"260":1,"261":0,"262":0,"264":0,"265":0,"272":0,"275":1,"277":1,"278":0,"279":0,"280":0,"282":0,"285":1,"286":0,"287":0,"288":0,"292":1,"293":0,"294":0,"295":0,"299":1,"300":0,"301":0,"303":0}},"/home/travis/build/npmtest/node-npmtest-stylus-loader/node_modules/stylus-loader/lib/listimports.js":{"path":"/home/travis/build/npmtest/node-npmtest-stylus-loader/node_modules/stylus-loader/lib/listimports.js","s":{"1":1,"2":1,"3":1,"4":1,"5":1,"6":0,"7":0,"8":1,"9":1,"10":1,"11":0,"12":0,"13":1,"14":0,"15":0,"16":0,"17":1,"18":0,"19":0,"20":0,"21":1,"22":0,"23":0,"24":0,"25":1,"26":0,"27":0,"28":0,"29":1,"30":1,"31":1,"32":0,"33":0,"34":0,"35":0,"36":0,"37":0,"38":0,"39":0,"40":0,"41":0,"42":0},"b":{"1":[0,0],"2":[0,0],"3":[0,0],"4":[0,0],"5":[0,0]},"f":{"1":0,"2":0,"3":0,"4":0,"5":0,"6":0,"7":0},"fnMap":{"1":{"name":"ImportVisitor","line":9,"loc":{"start":{"line":9,"column":0},"end":{"line":9,"column":25}}},"2":{"name":"(anonymous_2)","line":17,"loc":{"start":{"line":17,"column":38},"end":{"line":17,"column":53}}},"3":{"name":"(anonymous_3)","line":22,"loc":{"start":{"line":22,"column":36},"end":{"line":22,"column":51}}},"4":{"name":"(anonymous_4)","line":29,"loc":{"start":{"line":29,"column":42},"end":{"line":29,"column":57}}},"5":{"name":"(anonymous_5)","line":36,"loc":{"start":{"line":36,"column":36},"end":{"line":36,"column":49}}},"6":{"name":"(anonymous_6)","line":43,"loc":{"start":{"line":43,"column":40},"end":{"line":43,"column":54}}},"7":{"name":"listImports","line":54,"loc":{"start":{"line":54,"column":0},"end":{"line":54,"column":38}}}},"statementMap":{"1":{"start":{"line":1,"column":0},"end":{"line":1,"column":42}},"2":{"start":{"line":2,"column":0},"end":{"line":2,"column":44}},"3":{"start":{"line":3,"column":0},"end":{"line":3,"column":40}},"4":{"start":{"line":5,"column":0},"end":{"line":5,"column":29}},"5":{"start":{"line":9,"column":0},"end":{"line":12,"column":1}},"6":{"start":{"line":10,"column":2},"end":{"line":10,"column":33}},"7":{"start":{"line":11,"column":2},"end":{"line":11,"column":24}},"8":{"start":{"line":14,"column":0},"end":{"line":14,"column":59}},"9":{"start":{"line":15,"column":0},"end":{"line":15,"column":52}},"10":{"start":{"line":17,"column":0},"end":{"line":20,"column":2}},"11":{"start":{"line":18,"column":2},"end":{"line":18,"column":48}},"12":{"start":{"line":19,"column":2},"end":{"line":19,"column":14}},"13":{"start":{"line":22,"column":0},"end":{"line":27,"column":2}},"14":{"start":{"line":23,"column":2},"end":{"line":25,"column":3}},"15":{"start":{"line":24,"column":4},"end":{"line":24,"column":31}},"16":{"start":{"line":26,"column":2},"end":{"line":26,"column":15}},"17":{"start":{"line":29,"column":0},"end":{"line":34,"column":2}},"18":{"start":{"line":30,"column":2},"end":{"line":32,"column":3}},"19":{"start":{"line":31,"column":4},"end":{"line":31,"column":30}},"20":{"start":{"line":33,"column":2},"end":{"line":33,"column":14}},"21":{"start":{"line":36,"column":0},"end":{"line":41,"column":2}},"22":{"start":{"line":37,"column":2},"end":{"line":39,"column":3}},"23":{"start":{"line":38,"column":4},"end":{"line":38,"column":48}},"24":{"start":{"line":40,"column":2},"end":{"line":40,"column":12}},"25":{"start":{"line":43,"column":0},"end":{"line":48,"column":1}},"26":{"start":{"line":44,"column":2},"end":{"line":46,"column":3}},"27":{"start":{"line":45,"column":4},"end":{"line":45,"column":35}},"28":{"start":{"line":47,"column":2},"end":{"line":47,"column":13}},"29":{"start":{"line":50,"column":0},"end":{"line":50,"column":71}},"30":{"start":{"line":51,"column":0},"end":{"line":51,"column":71}},"31":{"start":{"line":54,"column":0},"end":{"line":80,"column":1}},"32":{"start":{"line":61,"column":2},"end":{"line":61,"column":28}},"33":{"start":{"line":62,"column":2},"end":{"line":62,"column":55}},"34":{"start":{"line":62,"column":32},"end":{"line":62,"column":53}},"35":{"start":{"line":67,"column":2},"end":{"line":71,"column":3}},"36":{"start":{"line":68,"column":4},"end":{"line":68,"column":59}},"37":{"start":{"line":70,"column":4},"end":{"line":70,"column":14}},"38":{"start":{"line":72,"column":2},"end":{"line":72,"column":49}},"39":{"start":{"line":73,"column":2},"end":{"line":73,"column":27}},"40":{"start":{"line":75,"column":2},"end":{"line":77,"column":3}},"41":{"start":{"line":76,"column":4},"end":{"line":76,"column":46}},"42":{"start":{"line":79,"column":2},"end":{"line":79,"column":35}}},"branchMap":{"1":{"line":37,"type":"if","locations":[{"start":{"line":37,"column":2},"end":{"line":37,"column":2}},{"start":{"line":37,"column":2},"end":{"line":37,"column":2}}]},"2":{"line":37,"type":"binary-expr","locations":[{"start":{"line":37,"column":6},"end":{"line":37,"column":23}},{"start":{"line":37,"column":27},"end":{"line":37,"column":45}}]},"3":{"line":62,"type":"if","locations":[{"start":{"line":62,"column":2},"end":{"line":62,"column":2}},{"start":{"line":62,"column":2},"end":{"line":62,"column":2}}]},"4":{"line":62,"type":"binary-expr","locations":[{"start":{"line":62,"column":6},"end":{"line":62,"column":11}},{"start":{"line":62,"column":15},"end":{"line":62,"column":28}}]},"5":{"line":75,"type":"if","locations":[{"start":{"line":75,"column":2},"end":{"line":75,"column":2}},{"start":{"line":75,"column":2},"end":{"line":75,"column":2}}]}},"code":["var Parser = require('stylus/lib/parser');","var Visitor = require('stylus/lib/visitor');","var nodes = require('stylus/lib/nodes');","","module.exports = listImports;","","// ImportVisitor is a simple stylus ast visitor that navigates the graph","// building a list of imports in it.","function ImportVisitor() {","  Visitor.apply(this, arguments);","  this.importPaths = [];","}","","ImportVisitor.prototype = Object.create(Visitor.prototype);","ImportVisitor.prototype.constructor = ImportVisitor;","","ImportVisitor.prototype.visitImport = function(node) {","  this.importPaths.push(node.path.first.string);","  return node;","};","","ImportVisitor.prototype.visitRoot = function(block){","  for (var i = 0; i < block.nodes.length; ++i) {","    this.visit(block.nodes[i]);","  }","  return block;","};","","ImportVisitor.prototype.visitExpression = function(expr) {","  for (var i = 0; i < expr.nodes.length; ++i) {","    this.visit(expr.nodes[i]);","  }","  return expr;","};","","ImportVisitor.prototype.visitCall = function(fn) {","  if (fn.name === 'use' || fn.name === 'json') {","    this.importPaths.push(fn.args.first.string);","  }","  return fn;","};","","ImportVisitor.prototype.visitSelector = function(sel) {","  for (var i = 0; i < sel.block.nodes.length; i++) {","    this.visit(sel.block.nodes[i]);","  }","  return sel;","}","","ImportVisitor.prototype.visitBlock = ImportVisitor.prototype.visitRoot;","ImportVisitor.prototype.visitGroup = ImportVisitor.prototype.visitRoot;","","// Returns a list of paths that given source imports.","function listImports(source, options) {","  // Store source -> imports work in a cache. The Parser is the most expensive","  // part of stylus and we can't use their cache without creating undesired side","  // effects later during the actual render. In single run builds this will","  // benefit repeated files imported like common styling. In multiple run builds","  // this will help stylus import trees when a dependency changes, the higher up","  // files won't need to be parsed again.","  var cache = options.cache;","  if (cache && cache[source]) { return cache[source]; }","","  // Current idea here is to silence errors and let them rise in stylus's","  // renderer which has more handling so that the error message is more","  // meaningful and easy to understand.","  try {","    var ast = new Parser(source, { cache: false }).parse();","  } catch (e) {","    return [];","  }","  var importVisitor = new ImportVisitor(ast, {});","  importVisitor.visit(ast);","","  if (cache) {","    cache[source] = importVisitor.importPaths;","  }","","  return importVisitor.importPaths;","}",""],"l":{"1":1,"2":1,"3":1,"5":1,"9":1,"10":0,"11":0,"14":1,"15":1,"17":1,"18":0,"19":0,"22":1,"23":0,"24":0,"26":0,"29":1,"30":0,"31":0,"33":0,"36":1,"37":0,"38":0,"40":0,"43":1,"44":0,"45":0,"47":0,"50":1,"51":1,"54":1,"61":0,"62":0,"67":0,"68":0,"70":0,"72":0,"73":0,"75":0,"76":0,"79":0}},"/home/travis/build/npmtest/node-npmtest-stylus-loader/node_modules/stylus-loader/lib/resolver.js":{"path":"/home/travis/build/npmtest/node-npmtest-stylus-loader/node_modules/stylus-loader/lib/resolver.js","s":{"1":1,"2":1,"3":0,"4":0,"5":1,"6":0,"7":0,"8":0,"9":0,"10":0,"11":1,"12":0,"13":0,"14":0,"15":0,"16":0,"17":0,"18":0,"19":0,"20":0,"21":0,"22":0,"23":0,"24":0,"25":0,"26":0,"27":0,"28":0,"29":0,"30":0,"31":0,"32":0,"33":0},"b":{"1":[0,0],"2":[0,0],"3":[0,0],"4":[0,0],"5":[0,0],"6":[0,0],"7":[0,0],"8":[0,0]},"f":{"1":0,"2":0,"3":0,"4":0},"fnMap":{"1":{"name":"(anonymous_1)","line":60,"loc":{"start":{"line":60,"column":17},"end":{"line":60,"column":35}}},"2":{"name":"url","line":65,"loc":{"start":{"line":65,"column":2},"end":{"line":65,"column":20}}},"3":{"name":"(anonymous_3)","line":72,"loc":{"start":{"line":72,"column":24},"end":{"line":72,"column":38}}},"4":{"name":"resolveComponent","line":76,"loc":{"start":{"line":76,"column":4},"end":{"line":76,"column":35}}}},"statementMap":{"1":{"start":{"line":31,"column":0},"end":{"line":39,"column":30}},"2":{"start":{"line":60,"column":0},"end":{"line":112,"column":2}},"3":{"start":{"line":61,"column":2},"end":{"line":61,"column":26}},"4":{"start":{"line":63,"column":2},"end":{"line":63,"column":35}},"5":{"start":{"line":65,"column":2},"end":{"line":108,"column":3}},"6":{"start":{"line":66,"column":4},"end":{"line":67,"column":33}},"7":{"start":{"line":70,"column":4},"end":{"line":70,"column":37}},"8":{"start":{"line":71,"column":4},"end":{"line":71,"column":26}},"9":{"start":{"line":72,"column":4},"end":{"line":74,"column":16}},"10":{"start":{"line":73,"column":6},"end":{"line":73,"column":34}},"11":{"start":{"line":76,"column":4},"end":{"line":103,"column":5}},"12":{"start":{"line":77,"column":6},"end":{"line":79,"column":7}},"13":{"start":{"line":78,"column":8},"end":{"line":78,"column":19}},"14":{"start":{"line":81,"column":6},"end":{"line":81,"column":23}},"15":{"start":{"line":82,"column":6},"end":{"line":84,"column":7}},"16":{"start":{"line":83,"column":8},"end":{"line":83,"column":24}},"17":{"start":{"line":87,"column":6},"end":{"line":87,"column":62}},"18":{"start":{"line":88,"column":6},"end":{"line":90,"column":7}},"19":{"start":{"line":89,"column":8},"end":{"line":89,"column":24}},"20":{"start":{"line":92,"column":6},"end":{"line":92,"column":20}},"21":{"start":{"line":93,"column":6},"end":{"line":95,"column":7}},"22":{"start":{"line":94,"column":8},"end":{"line":94,"column":27}},"23":{"start":{"line":96,"column":6},"end":{"line":98,"column":7}},"24":{"start":{"line":97,"column":8},"end":{"line":97,"column":25}},"25":{"start":{"line":100,"column":6},"end":{"line":100,"column":58}},"26":{"start":{"line":101,"column":6},"end":{"line":101,"column":53}},"27":{"start":{"line":101,"column":23},"end":{"line":101,"column":53}},"28":{"start":{"line":102,"column":6},"end":{"line":102,"column":17}},"29":{"start":{"line":105,"column":4},"end":{"line":105,"column":37}},"30":{"start":{"line":106,"column":4},"end":{"line":106,"column":50}},"31":{"start":{"line":107,"column":4},"end":{"line":107,"column":68}},"32":{"start":{"line":110,"column":2},"end":{"line":110,"column":17}},"33":{"start":{"line":111,"column":2},"end":{"line":111,"column":13}}},"branchMap":{"1":{"line":61,"type":"binary-expr","locations":[{"start":{"line":61,"column":12},"end":{"line":61,"column":19}},{"start":{"line":61,"column":23},"end":{"line":61,"column":25}}]},"2":{"line":63,"type":"binary-expr","locations":[{"start":{"line":63,"column":15},"end":{"line":63,"column":28}},{"start":{"line":63,"column":32},"end":{"line":63,"column":34}}]},"3":{"line":77,"type":"if","locations":[{"start":{"line":77,"column":6},"end":{"line":77,"column":6}},{"start":{"line":77,"column":6},"end":{"line":77,"column":6}}]},"4":{"line":82,"type":"if","locations":[{"start":{"line":82,"column":6},"end":{"line":82,"column":6}},{"start":{"line":82,"column":6},"end":{"line":82,"column":6}}]},"5":{"line":88,"type":"if","locations":[{"start":{"line":88,"column":6},"end":{"line":88,"column":6}},{"start":{"line":88,"column":6},"end":{"line":88,"column":6}}]},"6":{"line":93,"type":"if","locations":[{"start":{"line":93,"column":6},"end":{"line":93,"column":6}},{"start":{"line":93,"column":6},"end":{"line":93,"column":6}}]},"7":{"line":96,"type":"if","locations":[{"start":{"line":96,"column":6},"end":{"line":96,"column":6}},{"start":{"line":96,"column":6},"end":{"line":96,"column":6}}]},"8":{"line":101,"type":"if","locations":[{"start":{"line":101,"column":6},"end":{"line":101,"column":6}},{"start":{"line":101,"column":6},"end":{"line":101,"column":6}}]}},"code":["// This implementation of the url resolver adds awareness for webpack loaders","/*","","Modified from the stylus implementation:","","(The MIT License)","","Copyright (c) 2010–2014 LearnBoost <dev@learnboost.com>","","Permission is hereby granted, free of charge, to any person obtaining","a copy of this software and associated documentation files (the","'Software'), to deal in the Software without restriction, including","without limitation the rights to use, copy, modify, merge, publish,","distribute, sublicense, and/or sell copies of the Software, and to","permit persons to whom the Software is furnished to do so, subject to","the following conditions:","","The above copyright notice and this permission notice shall be","included in all copies or substantial portions of the Software.","","THE SOFTWARE IS PROVIDED 'AS IS', WITHOUT WARRANTY OF ANY KIND,","EXPRESS OR IMPLIED, INCLUDING BUT NOT LIMITED TO THE WARRANTIES OF","MERCHANTABILITY, FITNESS FOR A PARTICULAR PURPOSE AND NONINFRINGEMENT.","IN NO EVENT SHALL THE AUTHORS OR COPYRIGHT HOLDERS BE LIABLE FOR ANY","CLAIM, DAMAGES OR OTHER LIABILITY, WHETHER IN AN ACTION OF CONTRACT,","TORT OR OTHERWISE, ARISING FROM, OUT OF OR IN CONNECTION WITH THE","SOFTWARE OR THE USE OR OTHER DEALINGS IN THE SOFTWARE.","*/","","/*jshint laxcomma:true */","var Stylus = require('stylus')","    , Compiler = Stylus.Compiler","    , nodes = Stylus.nodes","    , utils = Stylus.utils","  , parse = require('url').parse","  , relative = require('path').relative","  , dirname = require('path').dirname","  , extname = require('path').extname","  , sep = require('path').sep;","","/**"," * Return a url() function with the given `options`."," *"," * Options:"," *"," *    - `paths` resolution path(s), merged with general lookup paths"," *"," * Examples:"," *"," *    stylus(str)"," *      .set('filename', __dirname + '/css/test.styl')"," *      .define('url', stylus.resolver({ paths: [__dirname + '/public'] }))"," *      .render(function(err, css){ ... })"," *"," * @param {Object} options"," * @return {Function}"," * @api public"," */","","module.exports = function(options) {","  options = options || {};","","  var _paths = options.paths || [];","","  function url(url) {","    var paths = _paths.concat(this.paths),","        filename = this.filename;","","    // Compile the url","    var compiler = new Compiler(url);","    compiler.isURL = true;","    url = url.nodes.map(function(node){","      return compiler.visit(node);","    }).join('');","","    function resolveComponent(url) {","      if (!url) {","        return url;","      }","","      url = parse(url);","      if (url.protocol) {","        return url.href;","      }","","      // Lookup","      var found = utils.lookup(url.pathname, paths, '', true);","      if (!found) {","        return url.href;","      }","","      var tail = '';","      if (url.search) {","        tail += url.search;","      }","      if (url.hash) {","        tail += url.hash;","      }","","      var res = relative(dirname(filename), found) + tail;","      if ('\\\\' == sep) res = res.replace(/\\\\/g, '/');","      return res;","    }","","    var components = url.split(/!/g);","    components = components.map(resolveComponent);","    return new nodes.Literal('url(\"' + components.join('!') + '\")');","  }","","  url.raw = true;","  return url;","};",""],"l":{"31":1,"60":1,"61":0,"63":0,"65":1,"66":0,"70":0,"71":0,"72":0,"73":0,"76":1,"77":0,"78":0,"81":0,"82":0,"83":0,"87":0,"88":0,"89":0,"92":0,"93":0,"94":0,"96":0,"97":0,"100":0,"101":0,"102":0,"105":0,"106":0,"107":0,"110":0,"111":0}}}